[2026-04-28 14:21:29] INFO [liquibase.integration] No Liquibase Pro license key supplied. Please set liquibaseProLicenseKey on command line or in liquibase.properties to use Liquibase Pro features.
[2026-04-28 14:21:29] SEVERE [liquibase.integration] Unexpected error running Liquibase: java.lang.RuntimeException: Cannot find database driver: com.mysql.cj.jdbc.Driver
liquibase.exception.DatabaseException: liquibase.exception.DatabaseException: java.lang.RuntimeException: Cannot find database driver: com.mysql.cj.jdbc.Driver
	at liquibase.integration.commandline.CommandLineUtils.createDatabaseObject(CommandLineUtils.java:131)
	at liquibase.integration.commandline.Main.doMigration(Main.java:1408)
	at liquibase.integration.commandline.Main$1.lambda$run$0(Main.java:361)
	at liquibase.Scope.lambda$child$0(Scope.java:160)
	at liquibase.Scope.child(Scope.java:169)
	at liquibase.Scope.child(Scope.java:159)
	at liquibase.Scope.child(Scope.java:138)
	at liquibase.Scope.child(Scope.java:222)
	at liquibase.Scope.child(Scope.java:226)
	at liquibase.integration.commandline.Main$1.run(Main.java:360)
	at liquibase.integration.commandline.Main$1.run(Main.java:193)
	at liquibase.Scope.child(Scope.java:169)
	at liquibase.Scope.child(Scope.java:145)
	at liquibase.integration.commandline.Main.run(Main.java:193)
	at liquibase.integration.commandline.Main.main(Main.java:156)
Caused by: liquibase.exception.DatabaseException: java.lang.RuntimeException: Cannot find database driver: com.mysql.cj.jdbc.Driver
	at liquibase.database.DatabaseFactory.openConnection(DatabaseFactory.java:250)
	at liquibase.database.DatabaseFactory.openDatabase(DatabaseFactory.java:140)
	at liquibase.integration.commandline.CommandLineUtils.createDatabaseObject(CommandLineUtils.java:96)
	... 14 more
Caused by: java.lang.RuntimeException: Cannot find database driver: com.mysql.cj.jdbc.Driver
	at liquibase.database.DatabaseFactory.openConnection(DatabaseFactory.java:192)
	... 16 more

[2026-04-28 14:24:34] INFO [liquibase.integration] No Liquibase Pro license key supplied. Please set liquibaseProLicenseKey on command line or in liquibase.properties to use Liquibase Pro features.
[2026-04-28 14:24:34] SEVERE [liquibase.integration] Unexpected error running Liquibase: java.lang.RuntimeException: Cannot find database driver: com.mysql.cj.jdbc.Driver
liquibase.exception.DatabaseException: liquibase.exception.DatabaseException: java.lang.RuntimeException: Cannot find database driver: com.mysql.cj.jdbc.Driver
	at liquibase.integration.commandline.CommandLineUtils.createDatabaseObject(CommandLineUtils.java:131)
	at liquibase.integration.commandline.Main.doMigration(Main.java:1408)
	at liquibase.integration.commandline.Main$1.lambda$run$0(Main.java:361)
	at liquibase.Scope.lambda$child$0(Scope.java:160)
	at liquibase.Scope.child(Scope.java:169)
	at liquibase.Scope.child(Scope.java:159)
	at liquibase.Scope.child(Scope.java:138)
	at liquibase.Scope.child(Scope.java:222)
	at liquibase.Scope.child(Scope.java:226)
	at liquibase.integration.commandline.Main$1.run(Main.java:360)
	at liquibase.integration.commandline.Main$1.run(Main.java:193)
	at liquibase.Scope.child(Scope.java:169)
	at liquibase.Scope.child(Scope.java:145)
	at liquibase.integration.commandline.Main.run(Main.java:193)
	at liquibase.integration.commandline.Main.main(Main.java:156)
Caused by: liquibase.exception.DatabaseException: java.lang.RuntimeException: Cannot find database driver: com.mysql.cj.jdbc.Driver
	at liquibase.database.DatabaseFactory.openConnection(DatabaseFactory.java:250)
	at liquibase.database.DatabaseFactory.openDatabase(DatabaseFactory.java:140)
	at liquibase.integration.commandline.CommandLineUtils.createDatabaseObject(CommandLineUtils.java:96)
	... 14 more
Caused by: java.lang.RuntimeException: Cannot find database driver: com.mysql.cj.jdbc.Driver
	at liquibase.database.DatabaseFactory.openConnection(DatabaseFactory.java:192)
	... 16 more

[2026-04-28 14:33:51] INFO [liquibase.integration] No Liquibase Pro license key supplied. Please set liquibaseProLicenseKey on command line or in liquibase.properties to use Liquibase Pro features.
[2026-04-28 14:33:51] SEVERE [liquibase.integration] Unexpected error running Liquibase: java.lang.RuntimeException: Cannot find database driver: com.mysql.cj.jdbc.Driver
liquibase.exception.DatabaseException: liquibase.exception.DatabaseException: java.lang.RuntimeException: Cannot find database driver: com.mysql.cj.jdbc.Driver
	at liquibase.integration.commandline.CommandLineUtils.createDatabaseObject(CommandLineUtils.java:131)
	at liquibase.integration.commandline.Main.doMigration(Main.java:1408)
	at liquibase.integration.commandline.Main$1.lambda$run$0(Main.java:361)
	at liquibase.Scope.lambda$child$0(Scope.java:160)
	at liquibase.Scope.child(Scope.java:169)
	at liquibase.Scope.child(Scope.java:159)
	at liquibase.Scope.child(Scope.java:138)
	at liquibase.Scope.child(Scope.java:222)
	at liquibase.Scope.child(Scope.java:226)
	at liquibase.integration.commandline.Main$1.run(Main.java:360)
	at liquibase.integration.commandline.Main$1.run(Main.java:193)
	at liquibase.Scope.child(Scope.java:169)
	at liquibase.Scope.child(Scope.java:145)
	at liquibase.integration.commandline.Main.run(Main.java:193)
	at liquibase.integration.commandline.Main.main(Main.java:156)
Caused by: liquibase.exception.DatabaseException: java.lang.RuntimeException: Cannot find database driver: com.mysql.cj.jdbc.Driver
	at liquibase.database.DatabaseFactory.openConnection(DatabaseFactory.java:250)
	at liquibase.database.DatabaseFactory.openDatabase(DatabaseFactory.java:140)
	at liquibase.integration.commandline.CommandLineUtils.createDatabaseObject(CommandLineUtils.java:96)
	... 14 more
Caused by: java.lang.RuntimeException: Cannot find database driver: com.mysql.cj.jdbc.Driver
	at liquibase.database.DatabaseFactory.openConnection(DatabaseFactory.java:192)
	... 16 more

[2026-04-28 14:40:58] INFO [liquibase.integration] No Liquibase Pro license key supplied. Please set liquibaseProLicenseKey on command line or in liquibase.properties to use Liquibase Pro features.
[2026-04-28 14:40:58] SEVERE [liquibase.integration] Unexpected error running Liquibase: java.lang.RuntimeException: Cannot find database driver: com.mysql.cj.jdbc.Driver
liquibase.exception.DatabaseException: liquibase.exception.DatabaseException: java.lang.RuntimeException: Cannot find database driver: com.mysql.cj.jdbc.Driver
	at liquibase.integration.commandline.CommandLineUtils.createDatabaseObject(CommandLineUtils.java:131)
	at liquibase.integration.commandline.Main.doMigration(Main.java:1408)
	at liquibase.integration.commandline.Main$1.lambda$run$0(Main.java:361)
	at liquibase.Scope.lambda$child$0(Scope.java:160)
	at liquibase.Scope.child(Scope.java:169)
	at liquibase.Scope.child(Scope.java:159)
	at liquibase.Scope.child(Scope.java:138)
	at liquibase.Scope.child(Scope.java:222)
	at liquibase.Scope.child(Scope.java:226)
	at liquibase.integration.commandline.Main$1.run(Main.java:360)
	at liquibase.integration.commandline.Main$1.run(Main.java:193)
	at liquibase.Scope.child(Scope.java:169)
	at liquibase.Scope.child(Scope.java:145)
	at liquibase.integration.commandline.Main.run(Main.java:193)
	at liquibase.integration.commandline.Main.main(Main.java:156)
Caused by: liquibase.exception.DatabaseException: java.lang.RuntimeException: Cannot find database driver: com.mysql.cj.jdbc.Driver
	at liquibase.database.DatabaseFactory.openConnection(DatabaseFactory.java:250)
	at liquibase.database.DatabaseFactory.openDatabase(DatabaseFactory.java:140)
	at liquibase.integration.commandline.CommandLineUtils.createDatabaseObject(CommandLineUtils.java:96)
	... 14 more
Caused by: java.lang.RuntimeException: Cannot find database driver: com.mysql.cj.jdbc.Driver
	at liquibase.database.DatabaseFactory.openConnection(DatabaseFactory.java:192)
	... 16 more

[2026-04-28 14:44:53] WARNING [liquibase.resource] Cannot handle classloader url file:/usr/lib/jvm/java-8-openjdk-amd64/jre/lib/ext/libatk-wrapper.so: Not a directory: /usr/lib/jvm/java-8-openjdk-amd64/jre/lib/ext/libatk-wrapper.so. Operations that need to list files from this location may not work as expected
java.lang.IllegalArgumentException: Not a directory: /usr/lib/jvm/java-8-openjdk-amd64/jre/lib/ext/libatk-wrapper.so
	at liquibase.resource.DirectoryResourceAccessor.<init>(DirectoryResourceAccessor.java:37)
	at liquibase.resource.DirectoryResourceAccessor.<init>(DirectoryResourceAccessor.java:20)
	at liquibase.resource.DirectoryPathHandler.getResourceAccessor(DirectoryPathHandler.java:48)
	at liquibase.resource.PathHandlerFactory.getResourceAccessor(PathHandlerFactory.java:37)
	at liquibase.resource.ClassLoaderResourceAccessor.configureAdditionalResourceAccessors(ClassLoaderResourceAccessor.java:72)
	at liquibase.resource.ClassLoaderResourceAccessor.configureAdditionalResourceAccessors(ClassLoaderResourceAccessor.java:86)
	at liquibase.resource.ClassLoaderResourceAccessor.configureAdditionalResourceAccessors(ClassLoaderResourceAccessor.java:86)
	at liquibase.resource.ClassLoaderResourceAccessor.init(ClassLoaderResourceAccessor.java:55)
	at liquibase.resource.ClassLoaderResourceAccessor.describeLocations(ClassLoaderResourceAccessor.java:34)
	at liquibase.resource.CompositeResourceAccessor.describeLocations(CompositeResourceAccessor.java:82)
	at liquibase.resource.SearchPathResourceAccessor.<init>(SearchPathResourceAccessor.java:50)
	at liquibase.resource.SearchPathResourceAccessor.<init>(SearchPathResourceAccessor.java:21)
	at liquibase.integration.commandline.LiquibaseCommandLine.configureResourceAccessor(LiquibaseCommandLine.java:832)
	at liquibase.integration.commandline.LiquibaseCommandLine.lambda$configureScope$4(LiquibaseCommandLine.java:688)
	at liquibase.Scope.lambda$child$0(Scope.java:186)
	at liquibase.Scope.child(Scope.java:195)
	at liquibase.Scope.child(Scope.java:185)
	at liquibase.Scope.child(Scope.java:164)
	at liquibase.integration.commandline.LiquibaseCommandLine.configureScope(LiquibaseCommandLine.java:688)
	at liquibase.integration.commandline.LiquibaseCommandLine.lambda$execute$3(LiquibaseCommandLine.java:365)
	at liquibase.Scope.child(Scope.java:195)
	at liquibase.Scope.child(Scope.java:171)
	at liquibase.integration.commandline.LiquibaseCommandLine.execute(LiquibaseCommandLine.java:362)
	at liquibase.integration.commandline.LiquibaseCommandLine.main(LiquibaseCommandLine.java:102)
	at sun.reflect.NativeMethodAccessorImpl.invoke0(Native Method)
	at sun.reflect.NativeMethodAccessorImpl.invoke(NativeMethodAccessorImpl.java:62)
	at sun.reflect.DelegatingMethodAccessorImpl.invoke(DelegatingMethodAccessorImpl.java:43)
	at java.lang.reflect.Method.invoke(Method.java:498)
	at liquibase.integration.commandline.LiquibaseLauncher.main(LiquibaseLauncher.java:116)

[2026-04-28 14:44:53] INFO [liquibase.ui] ####################################################
##   _     _             _ _                      ##
##  | |   (_)           (_) |                     ##
##  | |    _  __ _ _   _ _| |__   __ _ ___  ___   ##
##  | |   | |/ _` | | | | | '_ \ / _` / __|/ _ \  ##
##  | |___| | (_| | |_| | | |_) | (_| \__ \  __/  ##
##  \_____/_|\__, |\__,_|_|_.__/ \__,_|___/\___|  ##
##              | |                               ##
##              |_|                               ##
##                                                ## 
##  Get documentation at docs.liquibase.com       ##
##  Get certified courses at learn.liquibase.com  ## 
##                                                ##
####################################################
Starting Liquibase at 14:44:53 (version 4.26.0 #1141 built at 2024-02-06 21:31+0000)
[2026-04-28 14:44:53] INFO [liquibase.ui] Liquibase Version: 4.26.0
[2026-04-28 14:44:53] INFO [liquibase.ui] Liquibase Open Source 4.26.0 by Liquibase
[2026-04-28 14:44:53] INFO [liquibase.integration] Starting command execution.
[2026-04-28 14:44:54] INFO [liquibase.changelog] Creating database history table with name: liquibase_db.DATABASECHANGELOG
[2026-04-28 14:44:54] INFO [liquibase.changelog] Reading from liquibase_db.DATABASECHANGELOG
[2026-04-28 14:44:54] INFO [liquibase.lockservice] Successfully acquired change log lock
[2026-04-28 14:44:54] INFO [liquibase.command] Using deploymentId: 7366794823
[2026-04-28 14:44:54] INFO [liquibase.changelog] Reading from liquibase_db.DATABASECHANGELOG
[2026-04-28 14:44:54] INFO [liquibase.ui] Running Changeset: changelog/db.changelog-master.xml::1::intern
[2026-04-28 14:44:54] INFO [liquibase.changelog] SQL in file changelog/scripts/v1__create_users.sql executed
[2026-04-28 14:44:54] INFO [liquibase.changelog] ChangeSet changelog/db.changelog-master.xml::1::intern ran successfully in 38ms
[2026-04-28 14:44:54] INFO [liquibase.ui] Running Changeset: changelog/db.changelog-master.xml::2::intern
[2026-04-28 14:44:54] INFO [liquibase.changelog] SQL in file changelog/scripts/v2__add_email_column.sql executed
[2026-04-28 14:44:54] INFO [liquibase.changelog] ChangeSet changelog/db.changelog-master.xml::2::intern ran successfully in 61ms
[2026-04-28 14:44:54] INFO [liquibase.ui] Running Changeset: changelog/db.changelog-master.xml::3::intern
[2026-04-28 14:44:54] INFO [liquibase.changelog] SQL in file changelog/scripts/v3__insert_data.sql executed
[2026-04-28 14:44:54] INFO [liquibase.changelog] ChangeSet changelog/db.changelog-master.xml::3::intern ran successfully in 16ms
[2026-04-28 14:44:54] INFO [liquibase.util] UPDATE SUMMARY
[2026-04-28 14:44:54] INFO [liquibase.util] Run:                          3
[2026-04-28 14:44:54] INFO [liquibase.util] Previously run:               0
[2026-04-28 14:44:54] INFO [liquibase.util] Filtered out:                 0
[2026-04-28 14:44:54] INFO [liquibase.util] -------------------------------
[2026-04-28 14:44:54] INFO [liquibase.util] Total change sets:            3
[2026-04-28 14:44:54] INFO [liquibase.util] Update summary generated
[2026-04-28 14:44:55] INFO [liquibase.command] Update command completed successfully.
[2026-04-28 14:44:55] INFO [liquibase.ui] Liquibase: Update has been successful. Rows affected: 6
[2026-04-28 14:44:55] INFO [liquibase.lockservice] Successfully released change log lock
[2026-04-28 14:44:55] INFO [liquibase.command] Command execution complete
[2026-04-28 14:44:55] INFO [liquibase.ui] Logs saved to liquibase-run.log
[2026-04-28 14:44:55] INFO [liquibase.ui] Liquibase command 'update' was executed successfully.
[2026-04-28 14:46:51] WARNING [liquibase.resource] Cannot handle classloader url file:/usr/lib/jvm/java-8-openjdk-amd64/jre/lib/ext/libatk-wrapper.so: Not a directory: /usr/lib/jvm/java-8-openjdk-amd64/jre/lib/ext/libatk-wrapper.so. Operations that need to list files from this location may not work as expected
java.lang.IllegalArgumentException: Not a directory: /usr/lib/jvm/java-8-openjdk-amd64/jre/lib/ext/libatk-wrapper.so
	at liquibase.resource.DirectoryResourceAccessor.<init>(DirectoryResourceAccessor.java:37)
	at liquibase.resource.DirectoryResourceAccessor.<init>(DirectoryResourceAccessor.java:20)
	at liquibase.resource.DirectoryPathHandler.getResourceAccessor(DirectoryPathHandler.java:48)
	at liquibase.resource.PathHandlerFactory.getResourceAccessor(PathHandlerFactory.java:37)
	at liquibase.resource.ClassLoaderResourceAccessor.configureAdditionalResourceAccessors(ClassLoaderResourceAccessor.java:72)
	at liquibase.resource.ClassLoaderResourceAccessor.configureAdditionalResourceAccessors(ClassLoaderResourceAccessor.java:86)
	at liquibase.resource.ClassLoaderResourceAccessor.configureAdditionalResourceAccessors(ClassLoaderResourceAccessor.java:86)
	at liquibase.resource.ClassLoaderResourceAccessor.init(ClassLoaderResourceAccessor.java:55)
	at liquibase.resource.ClassLoaderResourceAccessor.describeLocations(ClassLoaderResourceAccessor.java:34)
	at liquibase.resource.CompositeResourceAccessor.describeLocations(CompositeResourceAccessor.java:82)
	at liquibase.resource.SearchPathResourceAccessor.<init>(SearchPathResourceAccessor.java:50)
	at liquibase.resource.SearchPathResourceAccessor.<init>(SearchPathResourceAccessor.java:21)
	at liquibase.integration.commandline.LiquibaseCommandLine.configureResourceAccessor(LiquibaseCommandLine.java:832)
	at liquibase.integration.commandline.LiquibaseCommandLine.lambda$configureScope$4(LiquibaseCommandLine.java:688)
	at liquibase.Scope.lambda$child$0(Scope.java:186)
	at liquibase.Scope.child(Scope.java:195)
	at liquibase.Scope.child(Scope.java:185)
	at liquibase.Scope.child(Scope.java:164)
	at liquibase.integration.commandline.LiquibaseCommandLine.configureScope(LiquibaseCommandLine.java:688)
	at liquibase.integration.commandline.LiquibaseCommandLine.lambda$execute$3(LiquibaseCommandLine.java:365)
	at liquibase.Scope.child(Scope.java:195)
	at liquibase.Scope.child(Scope.java:171)
	at liquibase.integration.commandline.LiquibaseCommandLine.execute(LiquibaseCommandLine.java:362)
	at liquibase.integration.commandline.LiquibaseCommandLine.main(LiquibaseCommandLine.java:102)
	at sun.reflect.NativeMethodAccessorImpl.invoke0(Native Method)
	at sun.reflect.NativeMethodAccessorImpl.invoke(NativeMethodAccessorImpl.java:62)
	at sun.reflect.DelegatingMethodAccessorImpl.invoke(DelegatingMethodAccessorImpl.java:43)
	at java.lang.reflect.Method.invoke(Method.java:498)
	at liquibase.integration.commandline.LiquibaseLauncher.main(LiquibaseLauncher.java:116)

[2026-04-28 14:46:51] INFO [liquibase.ui] ####################################################
##   _     _             _ _                      ##
##  | |   (_)           (_) |                     ##
##  | |    _  __ _ _   _ _| |__   __ _ ___  ___   ##
##  | |   | |/ _` | | | | | '_ \ / _` / __|/ _ \  ##
##  | |___| | (_| | |_| | | |_) | (_| \__ \  __/  ##
##  \_____/_|\__, |\__,_|_|_.__/ \__,_|___/\___|  ##
##              | |                               ##
##              |_|                               ##
##                                                ## 
##  Get documentation at docs.liquibase.com       ##
##  Get certified courses at learn.liquibase.com  ## 
##                                                ##
####################################################
Starting Liquibase at 14:46:51 (version 4.26.0 #1141 built at 2024-02-06 21:31+0000)
[2026-04-28 14:46:51] INFO [liquibase.ui] Liquibase Version: 4.26.0
[2026-04-28 14:46:51] INFO [liquibase.ui] Liquibase Open Source 4.26.0 by Liquibase
[2026-04-28 14:46:51] INFO [liquibase.integration] Starting command execution.
[2026-04-28 14:46:52] INFO [liquibase.changelog] Reading from liquibase_db.DATABASECHANGELOG
[2026-04-28 14:46:52] INFO [liquibase.lockservice] Successfully acquired change log lock
[2026-04-28 14:46:52] INFO [liquibase.command] Using deploymentId: 7366912655
[2026-04-28 14:46:52] INFO [liquibase.changelog] Reading from liquibase_db.DATABASECHANGELOG
[2026-04-28 14:46:52] INFO [liquibase.ui] Running Changeset: changelog/db.changelog-master.xml::4::intern
[2026-04-28 14:46:52] INFO [liquibase.changelog] SQL in file changelog/scripts/v4__add_phone_column.sql executed
[2026-04-28 14:46:52] INFO [liquibase.changelog] ChangeSet changelog/db.changelog-master.xml::4::intern ran successfully in 48ms
[2026-04-28 14:46:52] INFO [liquibase.util] UPDATE SUMMARY
[2026-04-28 14:46:52] INFO [liquibase.util] Run:                          1
[2026-04-28 14:46:52] INFO [liquibase.util] Previously run:               3
[2026-04-28 14:46:52] INFO [liquibase.util] Filtered out:                 0
[2026-04-28 14:46:52] INFO [liquibase.util] -------------------------------
[2026-04-28 14:46:52] INFO [liquibase.util] Total change sets:            4
[2026-04-28 14:46:52] INFO [liquibase.util] Update summary generated
[2026-04-28 14:46:52] INFO [liquibase.command] Update command completed successfully.
[2026-04-28 14:46:52] INFO [liquibase.ui] Liquibase: Update has been successful. Rows affected: 1
[2026-04-28 14:46:52] INFO [liquibase.lockservice] Successfully released change log lock
[2026-04-28 14:46:52] INFO [liquibase.command] Command execution complete
[2026-04-28 14:46:52] INFO [liquibase.ui] Logs saved to liquibase-run.log
[2026-04-28 14:46:52] INFO [liquibase.ui] Liquibase command 'update' was executed successfully.
