[2026-04-29 13:40:31] WARNING [liquibase.resource] Cannot handle classloader url file:/usr/lib/jvm/java-8-openjdk-amd64/jre/lib/ext/libatk-wrapper.so: Not a directory: /usr/lib/jvm/java-8-openjdk-amd64/jre/lib/ext/libatk-wrapper.so. Operations that need to list files from this location may not work as expected
java.lang.IllegalArgumentException: Not a directory: /usr/lib/jvm/java-8-openjdk-amd64/jre/lib/ext/libatk-wrapper.so
	at liquibase.resource.DirectoryResourceAccessor.<init>(DirectoryResourceAccessor.java:37)
	at liquibase.resource.DirectoryResourceAccessor.<init>(DirectoryResourceAccessor.java:20)
	at liquibase.resource.DirectoryPathHandler.getResourceAccessor(DirectoryPathHandler.java:48)
	at liquibase.resource.PathHandlerFactory.getResourceAccessor(PathHandlerFactory.java:37)
	at liquibase.resource.ClassLoaderResourceAccessor.configureAdditionalResourceAccessors(ClassLoaderResourceAccessor.java:72)
	at liquibase.resource.ClassLoaderResourceAccessor.configureAdditionalResourceAccessors(ClassLoaderResourceAccessor.java:86)
	at liquibase.resource.ClassLoaderResourceAccessor.configureAdditionalResourceAccessors(ClassLoaderResourceAccessor.java:86)
	at liquibase.resource.ClassLoaderResourceAccessor.init(ClassLoaderResourceAccessor.java:55)
	at liquibase.resource.ClassLoaderResourceAccessor.describeLocations(ClassLoaderResourceAccessor.java:34)
	at liquibase.resource.CompositeResourceAccessor.describeLocations(CompositeResourceAccessor.java:82)
	at liquibase.resource.SearchPathResourceAccessor.<init>(SearchPathResourceAccessor.java:50)
	at liquibase.resource.SearchPathResourceAccessor.<init>(SearchPathResourceAccessor.java:21)
	at liquibase.integration.commandline.LiquibaseCommandLine.configureResourceAccessor(LiquibaseCommandLine.java:832)
	at liquibase.integration.commandline.LiquibaseCommandLine.lambda$configureScope$4(LiquibaseCommandLine.java:688)
	at liquibase.Scope.lambda$child$0(Scope.java:186)
	at liquibase.Scope.child(Scope.java:195)
	at liquibase.Scope.child(Scope.java:185)
	at liquibase.Scope.child(Scope.java:164)
	at liquibase.integration.commandline.LiquibaseCommandLine.configureScope(LiquibaseCommandLine.java:688)
	at liquibase.integration.commandline.LiquibaseCommandLine.lambda$execute$3(LiquibaseCommandLine.java:365)
	at liquibase.Scope.child(Scope.java:195)
	at liquibase.Scope.child(Scope.java:171)
	at liquibase.integration.commandline.LiquibaseCommandLine.execute(LiquibaseCommandLine.java:362)
	at liquibase.integration.commandline.LiquibaseCommandLine.main(LiquibaseCommandLine.java:102)
	at sun.reflect.NativeMethodAccessorImpl.invoke0(Native Method)
	at sun.reflect.NativeMethodAccessorImpl.invoke(NativeMethodAccessorImpl.java:62)
	at sun.reflect.DelegatingMethodAccessorImpl.invoke(DelegatingMethodAccessorImpl.java:43)
	at java.lang.reflect.Method.invoke(Method.java:498)
	at liquibase.integration.commandline.LiquibaseLauncher.main(LiquibaseLauncher.java:116)

[2026-04-29 13:40:31] INFO [liquibase.ui] ####################################################
##   _     _             _ _                      ##
##  | |   (_)           (_) |                     ##
##  | |    _  __ _ _   _ _| |__   __ _ ___  ___   ##
##  | |   | |/ _` | | | | | '_ \ / _` / __|/ _ \  ##
##  | |___| | (_| | |_| | | |_) | (_| \__ \  __/  ##
##  \_____/_|\__, |\__,_|_|_.__/ \__,_|___/\___|  ##
##              | |                               ##
##              |_|                               ##
##                                                ## 
##  Get documentation at docs.liquibase.com       ##
##  Get certified courses at learn.liquibase.com  ## 
##                                                ##
####################################################
Starting Liquibase at 13:40:31 (version 4.26.0 #1141 built at 2024-02-06 21:31+0000)
[2026-04-29 13:40:31] INFO [liquibase.ui] Liquibase Version: 4.26.0
[2026-04-29 13:40:31] INFO [liquibase.ui] Liquibase Open Source 4.26.0 by Liquibase
[2026-04-29 13:40:31] INFO [liquibase.integration] Starting command execution.
[2026-04-29 13:40:32] INFO [liquibase.command] Logging exception.
[2026-04-29 13:40:32] INFO [liquibase.ui] ERROR: Exception Details
[2026-04-29 13:40:32] INFO [liquibase.ui] ERROR: Exception Primary Class:  SQLSyntaxErrorException
[2026-04-29 13:40:32] INFO [liquibase.ui] ERROR: Exception Primary Reason: Access denied for user 'liquibase'@'localhost' to database 'employee_db'
[2026-04-29 13:40:32] INFO [liquibase.ui] ERROR: Exception Primary Source: 4.26.0
[2026-04-29 13:40:32] INFO [liquibase.command] Command execution complete
[2026-04-29 13:40:32] SEVERE [liquibase.integration] Connection could not be created to jdbc:mysql://localhost:3306/employee_db?useSSL=false&allowPublicKeyRetrieval=true with driver com.mysql.cj.jdbc.Driver.  Access denied for user 'liquibase'@'localhost' to database 'employee_db'
liquibase.exception.CommandExecutionException: liquibase.exception.DatabaseException: liquibase.exception.DatabaseException: liquibase.exception.DatabaseException: liquibase.exception.DatabaseException: Connection could not be created to jdbc:mysql://localhost:3306/employee_db?useSSL=false&allowPublicKeyRetrieval=true with driver com.mysql.cj.jdbc.Driver.  Access denied for user 'liquibase'@'localhost' to database 'employee_db'
	at liquibase.command.CommandScope.execute(CommandScope.java:253)
	at liquibase.integration.commandline.CommandRunner.call(CommandRunner.java:55)
	at liquibase.integration.commandline.CommandRunner.call(CommandRunner.java:24)
	at picocli.CommandLine.executeUserObject(CommandLine.java:2041)
	at picocli.CommandLine.access$1500(CommandLine.java:148)
	at picocli.CommandLine$RunLast.executeUserObjectOfLastSubcommandWithSameParent(CommandLine.java:2461)
	at picocli.CommandLine$RunLast.handle(CommandLine.java:2453)
	at picocli.CommandLine$RunLast.handle(CommandLine.java:2415)
	at picocli.CommandLine$AbstractParseResultHandler.execute(CommandLine.java:2273)
	at picocli.CommandLine$RunLast.execute(CommandLine.java:2417)
	at picocli.CommandLine.execute(CommandLine.java:2170)
	at liquibase.integration.commandline.LiquibaseCommandLine.lambda$execute$2(LiquibaseCommandLine.java:390)
	at liquibase.Scope.child(Scope.java:195)
	at liquibase.Scope.child(Scope.java:171)
	at liquibase.integration.commandline.LiquibaseCommandLine.lambda$execute$3(LiquibaseCommandLine.java:365)
	at liquibase.Scope.child(Scope.java:195)
	at liquibase.Scope.child(Scope.java:171)
	at liquibase.integration.commandline.LiquibaseCommandLine.execute(LiquibaseCommandLine.java:362)
	at liquibase.integration.commandline.LiquibaseCommandLine.main(LiquibaseCommandLine.java:102)
	at sun.reflect.NativeMethodAccessorImpl.invoke0(Native Method)
	at sun.reflect.NativeMethodAccessorImpl.invoke(NativeMethodAccessorImpl.java:62)
	at sun.reflect.DelegatingMethodAccessorImpl.invoke(DelegatingMethodAccessorImpl.java:43)
	at java.lang.reflect.Method.invoke(Method.java:498)
	at liquibase.integration.commandline.LiquibaseLauncher.main(LiquibaseLauncher.java:116)
Caused by: liquibase.exception.DatabaseException: liquibase.exception.DatabaseException: liquibase.exception.DatabaseException: liquibase.exception.DatabaseException: Connection could not be created to jdbc:mysql://localhost:3306/employee_db?useSSL=false&allowPublicKeyRetrieval=true with driver com.mysql.cj.jdbc.Driver.  Access denied for user 'liquibase'@'localhost' to database 'employee_db'
	at liquibase.command.core.helpers.AbstractDatabaseConnectionCommandStep.createDatabaseObject(AbstractDatabaseConnectionCommandStep.java:105)
	at liquibase.command.core.helpers.DbUrlConnectionCommandStep.obtainDatabase(DbUrlConnectionCommandStep.java:108)
	at liquibase.command.core.helpers.DbUrlConnectionCommandStep.run(DbUrlConnectionCommandStep.java:80)
	at liquibase.command.CommandScope.execute(CommandScope.java:217)
	... 23 more
Caused by: liquibase.exception.DatabaseException: liquibase.exception.DatabaseException: liquibase.exception.DatabaseException: Connection could not be created to jdbc:mysql://localhost:3306/employee_db?useSSL=false&allowPublicKeyRetrieval=true with driver com.mysql.cj.jdbc.Driver.  Access denied for user 'liquibase'@'localhost' to database 'employee_db'
	at liquibase.database.DatabaseFactory.openConnection(DatabaseFactory.java:241)
	at liquibase.database.DatabaseFactory.openConnection(DatabaseFactory.java:188)
	at liquibase.database.DatabaseFactory.openDatabase(DatabaseFactory.java:153)
	at liquibase.command.core.helpers.AbstractDatabaseConnectionCommandStep.createDatabaseObject(AbstractDatabaseConnectionCommandStep.java:73)
	... 26 more
Caused by: liquibase.exception.DatabaseException: liquibase.exception.DatabaseException: Connection could not be created to jdbc:mysql://localhost:3306/employee_db?useSSL=false&allowPublicKeyRetrieval=true with driver com.mysql.cj.jdbc.Driver.  Access denied for user 'liquibase'@'localhost' to database 'employee_db'
	at liquibase.database.ConnectionServiceFactory.create(ConnectionServiceFactory.java:35)
	at liquibase.database.DatabaseFactory.openConnection(DatabaseFactory.java:238)
	... 29 more
Caused by: liquibase.exception.DatabaseException: Connection could not be created to jdbc:mysql://localhost:3306/employee_db?useSSL=false&allowPublicKeyRetrieval=true with driver com.mysql.cj.jdbc.Driver.  Access denied for user 'liquibase'@'localhost' to database 'employee_db'
	at liquibase.database.jvm.JdbcConnection.open(JdbcConnection.java:50)
	at com.datical.liquibase.ext.database.jvm.ProJdbcConnection.open(ProJdbcConnection.java:33)
	at liquibase.database.ConnectionServiceFactory.create(ConnectionServiceFactory.java:32)
	... 30 more
Caused by: java.sql.SQLSyntaxErrorException: Access denied for user 'liquibase'@'localhost' to database 'employee_db'
	at com.mysql.cj.jdbc.exceptions.SQLError.createSQLException(SQLError.java:121)
	at com.mysql.cj.jdbc.exceptions.SQLExceptionsMapping.translateException(SQLExceptionsMapping.java:122)
	at com.mysql.cj.jdbc.ConnectionImpl.createNewIO(ConnectionImpl.java:815)
	at com.mysql.cj.jdbc.ConnectionImpl.<init>(ConnectionImpl.java:438)
	at com.mysql.cj.jdbc.ConnectionImpl.getInstance(ConnectionImpl.java:241)
	at com.mysql.cj.jdbc.NonRegisteringDriver.connect(NonRegisteringDriver.java:189)
	at liquibase.database.jvm.JdbcConnection.open(JdbcConnection.java:42)
	... 32 more

[2026-04-29 13:40:32] INFO [liquibase.ui] Logs saved to liquibase-run.log
[2026-04-29 13:41:24] WARNING [liquibase.resource] Cannot handle classloader url file:/usr/lib/jvm/java-8-openjdk-amd64/jre/lib/ext/libatk-wrapper.so: Not a directory: /usr/lib/jvm/java-8-openjdk-amd64/jre/lib/ext/libatk-wrapper.so. Operations that need to list files from this location may not work as expected
java.lang.IllegalArgumentException: Not a directory: /usr/lib/jvm/java-8-openjdk-amd64/jre/lib/ext/libatk-wrapper.so
	at liquibase.resource.DirectoryResourceAccessor.<init>(DirectoryResourceAccessor.java:37)
	at liquibase.resource.DirectoryResourceAccessor.<init>(DirectoryResourceAccessor.java:20)
	at liquibase.resource.DirectoryPathHandler.getResourceAccessor(DirectoryPathHandler.java:48)
	at liquibase.resource.PathHandlerFactory.getResourceAccessor(PathHandlerFactory.java:37)
	at liquibase.resource.ClassLoaderResourceAccessor.configureAdditionalResourceAccessors(ClassLoaderResourceAccessor.java:72)
	at liquibase.resource.ClassLoaderResourceAccessor.configureAdditionalResourceAccessors(ClassLoaderResourceAccessor.java:86)
	at liquibase.resource.ClassLoaderResourceAccessor.configureAdditionalResourceAccessors(ClassLoaderResourceAccessor.java:86)
	at liquibase.resource.ClassLoaderResourceAccessor.init(ClassLoaderResourceAccessor.java:55)
	at liquibase.resource.ClassLoaderResourceAccessor.describeLocations(ClassLoaderResourceAccessor.java:34)
	at liquibase.resource.CompositeResourceAccessor.describeLocations(CompositeResourceAccessor.java:82)
	at liquibase.resource.SearchPathResourceAccessor.<init>(SearchPathResourceAccessor.java:50)
	at liquibase.resource.SearchPathResourceAccessor.<init>(SearchPathResourceAccessor.java:21)
	at liquibase.integration.commandline.LiquibaseCommandLine.configureResourceAccessor(LiquibaseCommandLine.java:832)
	at liquibase.integration.commandline.LiquibaseCommandLine.lambda$configureScope$4(LiquibaseCommandLine.java:688)
	at liquibase.Scope.lambda$child$0(Scope.java:186)
	at liquibase.Scope.child(Scope.java:195)
	at liquibase.Scope.child(Scope.java:185)
	at liquibase.Scope.child(Scope.java:164)
	at liquibase.integration.commandline.LiquibaseCommandLine.configureScope(LiquibaseCommandLine.java:688)
	at liquibase.integration.commandline.LiquibaseCommandLine.lambda$execute$3(LiquibaseCommandLine.java:365)
	at liquibase.Scope.child(Scope.java:195)
	at liquibase.Scope.child(Scope.java:171)
	at liquibase.integration.commandline.LiquibaseCommandLine.execute(LiquibaseCommandLine.java:362)
	at liquibase.integration.commandline.LiquibaseCommandLine.main(LiquibaseCommandLine.java:102)
	at sun.reflect.NativeMethodAccessorImpl.invoke0(Native Method)
	at sun.reflect.NativeMethodAccessorImpl.invoke(NativeMethodAccessorImpl.java:62)
	at sun.reflect.DelegatingMethodAccessorImpl.invoke(DelegatingMethodAccessorImpl.java:43)
	at java.lang.reflect.Method.invoke(Method.java:498)
	at liquibase.integration.commandline.LiquibaseLauncher.main(LiquibaseLauncher.java:116)

[2026-04-29 13:41:24] INFO [liquibase.ui] ####################################################
##   _     _             _ _                      ##
##  | |   (_)           (_) |                     ##
##  | |    _  __ _ _   _ _| |__   __ _ ___  ___   ##
##  | |   | |/ _` | | | | | '_ \ / _` / __|/ _ \  ##
##  | |___| | (_| | |_| | | |_) | (_| \__ \  __/  ##
##  \_____/_|\__, |\__,_|_|_.__/ \__,_|___/\___|  ##
##              | |                               ##
##              |_|                               ##
##                                                ## 
##  Get documentation at docs.liquibase.com       ##
##  Get certified courses at learn.liquibase.com  ## 
##                                                ##
####################################################
Starting Liquibase at 13:41:24 (version 4.26.0 #1141 built at 2024-02-06 21:31+0000)
[2026-04-29 13:41:24] INFO [liquibase.ui] Liquibase Version: 4.26.0
[2026-04-29 13:41:24] INFO [liquibase.ui] Liquibase Open Source 4.26.0 by Liquibase
[2026-04-29 13:41:24] INFO [liquibase.integration] Starting command execution.
[2026-04-29 13:41:24] INFO [liquibase.command] Logging exception.
[2026-04-29 13:41:24] INFO [liquibase.ui] ERROR: Exception Details
[2026-04-29 13:41:24] INFO [liquibase.ui] ERROR: Exception Primary Class:  ChangeLogParseException
[2026-04-29 13:41:24] INFO [liquibase.ui] ERROR: Exception Primary Reason: The file changelog/db.changelog-master.xml was not found in the configured search path:
    - /home/intern/liquibase-demo/practice/employee-db
    - /home/intern/.local/share/DBeaverData/drivers/maven/maven-central/com.mysql/mysql-connector-j-8.2.0.jar
    - /home/intern/liquibase-install/internal/lib/liquibase-core.jar
    - /home/intern/liquibase-install/lib/mysql-connector-j-8.2.0.jar
    - /home/intern/liquibase-install/lib
    - /home/intern/liquibase-install/internal/lib/hsqldb.jar
    - /home/intern/liquibase-install/internal/lib/jcc.jar
    - /home/intern/liquibase-install/internal/lib/liquibase-commercial.jar
    - /home/intern/liquibase-install/internal/lib/mssql-jdbc.jar
    - /home/intern/liquibase-install/internal/lib/jaxb-api.jar
    - /home/intern/liquibase-install/internal/lib/jaxb-runtime.jar
    - /home/intern/liquibase-install/internal/lib/opencsv.jar
    - /home/intern/liquibase-install/internal/lib/ojdbc8.jar
    - /home/intern/liquibase-install/internal/lib/snakeyaml.jar
    - /home/intern/liquibase-install/internal/lib/commons-lang3.jar
    - /home/intern/liquibase-install/internal/lib/mariadb-java-client.jar
    - /home/intern/liquibase-install/internal/lib/jaybird.jar
    - /home/intern/liquibase-install/internal/lib/snowflake-jdbc.jar
    - /home/intern/liquibase-install/internal/lib/commons-collections4.jar
    - /home/intern/liquibase-install/internal/lib/h2.jar
    - /home/intern/liquibase-install/internal/lib/jaxb-core.jar
    - /home/intern/liquibase-install/internal/lib/sqlite-jdbc.jar
    - /home/intern/liquibase-install/internal/lib/picocli.jar
    - /home/intern/liquibase-install/internal/lib/postgresql.jar
    - /home/intern/liquibase-install/internal/lib/commons-text.jar
    - /home/intern/liquibase-install/internal/lib
    - /usr/lib/jvm/java-8-openjdk-amd64/jre/lib/ext/sunpkcs11.jar
    - /usr/lib/jvm/java-8-openjdk-amd64/jre/lib/ext/icedtea-sound.jar
    - /usr/lib/jvm/java-8-openjdk-amd64/jre/lib/ext/sunec.jar
    - /usr/lib/jvm/java-8-openjdk-amd64/jre/lib/ext/java-atk-wrapper.jar
    - /usr/lib/jvm/java-8-openjdk-amd64/jre/lib/ext/dnsns.jar
    - /usr/lib/jvm/java-8-openjdk-amd64/jre/lib/ext/localedata.jar
    - /usr/lib/jvm/java-8-openjdk-amd64/jre/lib/ext/zipfs.jar
    - /usr/lib/jvm/java-8-openjdk-amd64/jre/lib/ext/nashorn.jar
    - /usr/lib/jvm/java-8-openjdk-amd64/jre/lib/ext/jaccess.jar
    - /usr/lib/jvm/java-8-openjdk-amd64/jre/lib/ext/sunjce_provider.jar
    - /usr/lib/jvm/java-8-openjdk-amd64/jre/lib/ext/cldrdata.jar
More locations can be added with the 'searchPath' parameter.
[2026-04-29 13:41:24] INFO [liquibase.ui] ERROR: Exception Primary Source: 4.26.0
[2026-04-29 13:41:24] INFO [liquibase.command] Command execution complete
[2026-04-29 13:41:24] SEVERE [liquibase.integration] The file changelog/db.changelog-master.xml was not found in the configured search path:
    - /home/intern/liquibase-demo/practice/employee-db
    - /home/intern/.local/share/DBeaverData/drivers/maven/maven-central/com.mysql/mysql-connector-j-8.2.0.jar
    - /home/intern/liquibase-install/internal/lib/liquibase-core.jar
    - /home/intern/liquibase-install/lib/mysql-connector-j-8.2.0.jar
    - /home/intern/liquibase-install/lib
    - /home/intern/liquibase-install/internal/lib/hsqldb.jar
    - /home/intern/liquibase-install/internal/lib/jcc.jar
    - /home/intern/liquibase-install/internal/lib/liquibase-commercial.jar
    - /home/intern/liquibase-install/internal/lib/mssql-jdbc.jar
    - /home/intern/liquibase-install/internal/lib/jaxb-api.jar
    - /home/intern/liquibase-install/internal/lib/jaxb-runtime.jar
    - /home/intern/liquibase-install/internal/lib/opencsv.jar
    - /home/intern/liquibase-install/internal/lib/ojdbc8.jar
    - /home/intern/liquibase-install/internal/lib/snakeyaml.jar
    - /home/intern/liquibase-install/internal/lib/commons-lang3.jar
    - /home/intern/liquibase-install/internal/lib/mariadb-java-client.jar
    - /home/intern/liquibase-install/internal/lib/jaybird.jar
    - /home/intern/liquibase-install/internal/lib/snowflake-jdbc.jar
    - /home/intern/liquibase-install/internal/lib/commons-collections4.jar
    - /home/intern/liquibase-install/internal/lib/h2.jar
    - /home/intern/liquibase-install/internal/lib/jaxb-core.jar
    - /home/intern/liquibase-install/internal/lib/sqlite-jdbc.jar
    - /home/intern/liquibase-install/internal/lib/picocli.jar
    - /home/intern/liquibase-install/internal/lib/postgresql.jar
    - /home/intern/liquibase-install/internal/lib/commons-text.jar
    - /home/intern/liquibase-install/internal/lib
    - /usr/lib/jvm/java-8-openjdk-amd64/jre/lib/ext/sunpkcs11.jar
    - /usr/lib/jvm/java-8-openjdk-amd64/jre/lib/ext/icedtea-sound.jar
    - /usr/lib/jvm/java-8-openjdk-amd64/jre/lib/ext/sunec.jar
    - /usr/lib/jvm/java-8-openjdk-amd64/jre/lib/ext/java-atk-wrapper.jar
    - /usr/lib/jvm/java-8-openjdk-amd64/jre/lib/ext/dnsns.jar
    - /usr/lib/jvm/java-8-openjdk-amd64/jre/lib/ext/localedata.jar
    - /usr/lib/jvm/java-8-openjdk-amd64/jre/lib/ext/zipfs.jar
    - /usr/lib/jvm/java-8-openjdk-amd64/jre/lib/ext/nashorn.jar
    - /usr/lib/jvm/java-8-openjdk-amd64/jre/lib/ext/jaccess.jar
    - /usr/lib/jvm/java-8-openjdk-amd64/jre/lib/ext/sunjce_provider.jar
    - /usr/lib/jvm/java-8-openjdk-amd64/jre/lib/ext/cldrdata.jar
More locations can be added with the 'searchPath' parameter.
liquibase.exception.CommandExecutionException: liquibase.exception.ChangeLogParseException: The file changelog/db.changelog-master.xml was not found in the configured search path:
    - /home/intern/liquibase-demo/practice/employee-db
    - /home/intern/.local/share/DBeaverData/drivers/maven/maven-central/com.mysql/mysql-connector-j-8.2.0.jar
    - /home/intern/liquibase-install/internal/lib/liquibase-core.jar
    - /home/intern/liquibase-install/lib/mysql-connector-j-8.2.0.jar
    - /home/intern/liquibase-install/lib
    - /home/intern/liquibase-install/internal/lib/hsqldb.jar
    - /home/intern/liquibase-install/internal/lib/jcc.jar
    - /home/intern/liquibase-install/internal/lib/liquibase-commercial.jar
    - /home/intern/liquibase-install/internal/lib/mssql-jdbc.jar
    - /home/intern/liquibase-install/internal/lib/jaxb-api.jar
    - /home/intern/liquibase-install/internal/lib/jaxb-runtime.jar
    - /home/intern/liquibase-install/internal/lib/opencsv.jar
    - /home/intern/liquibase-install/internal/lib/ojdbc8.jar
    - /home/intern/liquibase-install/internal/lib/snakeyaml.jar
    - /home/intern/liquibase-install/internal/lib/commons-lang3.jar
    - /home/intern/liquibase-install/internal/lib/mariadb-java-client.jar
    - /home/intern/liquibase-install/internal/lib/jaybird.jar
    - /home/intern/liquibase-install/internal/lib/snowflake-jdbc.jar
    - /home/intern/liquibase-install/internal/lib/commons-collections4.jar
    - /home/intern/liquibase-install/internal/lib/h2.jar
    - /home/intern/liquibase-install/internal/lib/jaxb-core.jar
    - /home/intern/liquibase-install/internal/lib/sqlite-jdbc.jar
    - /home/intern/liquibase-install/internal/lib/picocli.jar
    - /home/intern/liquibase-install/internal/lib/postgresql.jar
    - /home/intern/liquibase-install/internal/lib/commons-text.jar
    - /home/intern/liquibase-install/internal/lib
    - /usr/lib/jvm/java-8-openjdk-amd64/jre/lib/ext/sunpkcs11.jar
    - /usr/lib/jvm/java-8-openjdk-amd64/jre/lib/ext/icedtea-sound.jar
    - /usr/lib/jvm/java-8-openjdk-amd64/jre/lib/ext/sunec.jar
    - /usr/lib/jvm/java-8-openjdk-amd64/jre/lib/ext/java-atk-wrapper.jar
    - /usr/lib/jvm/java-8-openjdk-amd64/jre/lib/ext/dnsns.jar
    - /usr/lib/jvm/java-8-openjdk-amd64/jre/lib/ext/localedata.jar
    - /usr/lib/jvm/java-8-openjdk-amd64/jre/lib/ext/zipfs.jar
    - /usr/lib/jvm/java-8-openjdk-amd64/jre/lib/ext/nashorn.jar
    - /usr/lib/jvm/java-8-openjdk-amd64/jre/lib/ext/jaccess.jar
    - /usr/lib/jvm/java-8-openjdk-amd64/jre/lib/ext/sunjce_provider.jar
    - /usr/lib/jvm/java-8-openjdk-amd64/jre/lib/ext/cldrdata.jar
More locations can be added with the 'searchPath' parameter.
	at liquibase.command.CommandScope.execute(CommandScope.java:253)
	at liquibase.integration.commandline.CommandRunner.call(CommandRunner.java:55)
	at liquibase.integration.commandline.CommandRunner.call(CommandRunner.java:24)
	at picocli.CommandLine.executeUserObject(CommandLine.java:2041)
	at picocli.CommandLine.access$1500(CommandLine.java:148)
	at picocli.CommandLine$RunLast.executeUserObjectOfLastSubcommandWithSameParent(CommandLine.java:2461)
	at picocli.CommandLine$RunLast.handle(CommandLine.java:2453)
	at picocli.CommandLine$RunLast.handle(CommandLine.java:2415)
	at picocli.CommandLine$AbstractParseResultHandler.execute(CommandLine.java:2273)
	at picocli.CommandLine$RunLast.execute(CommandLine.java:2417)
	at picocli.CommandLine.execute(CommandLine.java:2170)
	at liquibase.integration.commandline.LiquibaseCommandLine.lambda$execute$2(LiquibaseCommandLine.java:390)
	at liquibase.Scope.child(Scope.java:195)
	at liquibase.Scope.child(Scope.java:171)
	at liquibase.integration.commandline.LiquibaseCommandLine.lambda$execute$3(LiquibaseCommandLine.java:365)
	at liquibase.Scope.child(Scope.java:195)
	at liquibase.Scope.child(Scope.java:171)
	at liquibase.integration.commandline.LiquibaseCommandLine.execute(LiquibaseCommandLine.java:362)
	at liquibase.integration.commandline.LiquibaseCommandLine.main(LiquibaseCommandLine.java:102)
	at sun.reflect.NativeMethodAccessorImpl.invoke0(Native Method)
	at sun.reflect.NativeMethodAccessorImpl.invoke(NativeMethodAccessorImpl.java:62)
	at sun.reflect.DelegatingMethodAccessorImpl.invoke(DelegatingMethodAccessorImpl.java:43)
	at java.lang.reflect.Method.invoke(Method.java:498)
	at liquibase.integration.commandline.LiquibaseLauncher.main(LiquibaseLauncher.java:116)
Caused by: liquibase.exception.ChangeLogParseException: The file changelog/db.changelog-master.xml was not found in the configured search path:
    - /home/intern/liquibase-demo/practice/employee-db
    - /home/intern/.local/share/DBeaverData/drivers/maven/maven-central/com.mysql/mysql-connector-j-8.2.0.jar
    - /home/intern/liquibase-install/internal/lib/liquibase-core.jar
    - /home/intern/liquibase-install/lib/mysql-connector-j-8.2.0.jar
    - /home/intern/liquibase-install/lib
    - /home/intern/liquibase-install/internal/lib/hsqldb.jar
    - /home/intern/liquibase-install/internal/lib/jcc.jar
    - /home/intern/liquibase-install/internal/lib/liquibase-commercial.jar
    - /home/intern/liquibase-install/internal/lib/mssql-jdbc.jar
    - /home/intern/liquibase-install/internal/lib/jaxb-api.jar
    - /home/intern/liquibase-install/internal/lib/jaxb-runtime.jar
    - /home/intern/liquibase-install/internal/lib/opencsv.jar
    - /home/intern/liquibase-install/internal/lib/ojdbc8.jar
    - /home/intern/liquibase-install/internal/lib/snakeyaml.jar
    - /home/intern/liquibase-install/internal/lib/commons-lang3.jar
    - /home/intern/liquibase-install/internal/lib/mariadb-java-client.jar
    - /home/intern/liquibase-install/internal/lib/jaybird.jar
    - /home/intern/liquibase-install/internal/lib/snowflake-jdbc.jar
    - /home/intern/liquibase-install/internal/lib/commons-collections4.jar
    - /home/intern/liquibase-install/internal/lib/h2.jar
    - /home/intern/liquibase-install/internal/lib/jaxb-core.jar
    - /home/intern/liquibase-install/internal/lib/sqlite-jdbc.jar
    - /home/intern/liquibase-install/internal/lib/picocli.jar
    - /home/intern/liquibase-install/internal/lib/postgresql.jar
    - /home/intern/liquibase-install/internal/lib/commons-text.jar
    - /home/intern/liquibase-install/internal/lib
    - /usr/lib/jvm/java-8-openjdk-amd64/jre/lib/ext/sunpkcs11.jar
    - /usr/lib/jvm/java-8-openjdk-amd64/jre/lib/ext/icedtea-sound.jar
    - /usr/lib/jvm/java-8-openjdk-amd64/jre/lib/ext/sunec.jar
    - /usr/lib/jvm/java-8-openjdk-amd64/jre/lib/ext/java-atk-wrapper.jar
    - /usr/lib/jvm/java-8-openjdk-amd64/jre/lib/ext/dnsns.jar
    - /usr/lib/jvm/java-8-openjdk-amd64/jre/lib/ext/localedata.jar
    - /usr/lib/jvm/java-8-openjdk-amd64/jre/lib/ext/zipfs.jar
    - /usr/lib/jvm/java-8-openjdk-amd64/jre/lib/ext/nashorn.jar
    - /usr/lib/jvm/java-8-openjdk-amd64/jre/lib/ext/jaccess.jar
    - /usr/lib/jvm/java-8-openjdk-amd64/jre/lib/ext/sunjce_provider.jar
    - /usr/lib/jvm/java-8-openjdk-amd64/jre/lib/ext/cldrdata.jar
More locations can be added with the 'searchPath' parameter.
	at liquibase.parser.core.xml.XMLChangeLogSAXParser.parseToNode(XMLChangeLogSAXParser.java:114)
	at liquibase.parser.core.xml.AbstractChangeLogParser.parse(AbstractChangeLogParser.java:15)
	at liquibase.command.core.helpers.DatabaseChangelogCommandStep.lambda$getDatabaseChangeLog$0(DatabaseChangelogCommandStep.java:129)
	at liquibase.Scope.child(Scope.java:195)
	at liquibase.Scope.child(Scope.java:171)
	at liquibase.command.core.helpers.DatabaseChangelogCommandStep.getDatabaseChangeLog(DatabaseChangelogCommandStep.java:128)
	at liquibase.command.core.helpers.DatabaseChangelogCommandStep.run(DatabaseChangelogCommandStep.java:87)
	at liquibase.command.CommandScope.execute(CommandScope.java:217)
	... 23 more

[2026-04-29 13:41:24] INFO [liquibase.ui] Logs saved to liquibase-run.log
[2026-04-29 13:42:19] WARNING [liquibase.resource] Cannot handle classloader url file:/usr/lib/jvm/java-8-openjdk-amd64/jre/lib/ext/libatk-wrapper.so: Not a directory: /usr/lib/jvm/java-8-openjdk-amd64/jre/lib/ext/libatk-wrapper.so. Operations that need to list files from this location may not work as expected
java.lang.IllegalArgumentException: Not a directory: /usr/lib/jvm/java-8-openjdk-amd64/jre/lib/ext/libatk-wrapper.so
	at liquibase.resource.DirectoryResourceAccessor.<init>(DirectoryResourceAccessor.java:37)
	at liquibase.resource.DirectoryResourceAccessor.<init>(DirectoryResourceAccessor.java:20)
	at liquibase.resource.DirectoryPathHandler.getResourceAccessor(DirectoryPathHandler.java:48)
	at liquibase.resource.PathHandlerFactory.getResourceAccessor(PathHandlerFactory.java:37)
	at liquibase.resource.ClassLoaderResourceAccessor.configureAdditionalResourceAccessors(ClassLoaderResourceAccessor.java:72)
	at liquibase.resource.ClassLoaderResourceAccessor.configureAdditionalResourceAccessors(ClassLoaderResourceAccessor.java:86)
	at liquibase.resource.ClassLoaderResourceAccessor.configureAdditionalResourceAccessors(ClassLoaderResourceAccessor.java:86)
	at liquibase.resource.ClassLoaderResourceAccessor.init(ClassLoaderResourceAccessor.java:55)
	at liquibase.resource.ClassLoaderResourceAccessor.describeLocations(ClassLoaderResourceAccessor.java:34)
	at liquibase.resource.CompositeResourceAccessor.describeLocations(CompositeResourceAccessor.java:82)
	at liquibase.resource.SearchPathResourceAccessor.<init>(SearchPathResourceAccessor.java:50)
	at liquibase.resource.SearchPathResourceAccessor.<init>(SearchPathResourceAccessor.java:21)
	at liquibase.integration.commandline.LiquibaseCommandLine.configureResourceAccessor(LiquibaseCommandLine.java:832)
	at liquibase.integration.commandline.LiquibaseCommandLine.lambda$configureScope$4(LiquibaseCommandLine.java:688)
	at liquibase.Scope.lambda$child$0(Scope.java:186)
	at liquibase.Scope.child(Scope.java:195)
	at liquibase.Scope.child(Scope.java:185)
	at liquibase.Scope.child(Scope.java:164)
	at liquibase.integration.commandline.LiquibaseCommandLine.configureScope(LiquibaseCommandLine.java:688)
	at liquibase.integration.commandline.LiquibaseCommandLine.lambda$execute$3(LiquibaseCommandLine.java:365)
	at liquibase.Scope.child(Scope.java:195)
	at liquibase.Scope.child(Scope.java:171)
	at liquibase.integration.commandline.LiquibaseCommandLine.execute(LiquibaseCommandLine.java:362)
	at liquibase.integration.commandline.LiquibaseCommandLine.main(LiquibaseCommandLine.java:102)
	at sun.reflect.NativeMethodAccessorImpl.invoke0(Native Method)
	at sun.reflect.NativeMethodAccessorImpl.invoke(NativeMethodAccessorImpl.java:62)
	at sun.reflect.DelegatingMethodAccessorImpl.invoke(DelegatingMethodAccessorImpl.java:43)
	at java.lang.reflect.Method.invoke(Method.java:498)
	at liquibase.integration.commandline.LiquibaseLauncher.main(LiquibaseLauncher.java:116)

[2026-04-29 13:42:19] INFO [liquibase.ui] ####################################################
##   _     _             _ _                      ##
##  | |   (_)           (_) |                     ##
##  | |    _  __ _ _   _ _| |__   __ _ ___  ___   ##
##  | |   | |/ _` | | | | | '_ \ / _` / __|/ _ \  ##
##  | |___| | (_| | |_| | | |_) | (_| \__ \  __/  ##
##  \_____/_|\__, |\__,_|_|_.__/ \__,_|___/\___|  ##
##              | |                               ##
##              |_|                               ##
##                                                ## 
##  Get documentation at docs.liquibase.com       ##
##  Get certified courses at learn.liquibase.com  ## 
##                                                ##
####################################################
Starting Liquibase at 13:42:19 (version 4.26.0 #1141 built at 2024-02-06 21:31+0000)
[2026-04-29 13:42:19] INFO [liquibase.ui] Liquibase Version: 4.26.0
[2026-04-29 13:42:19] INFO [liquibase.ui] Liquibase Open Source 4.26.0 by Liquibase
[2026-04-29 13:42:19] INFO [liquibase.integration] Starting command execution.
[2026-04-29 13:42:19] WARNING [liquibase.configuration] Potentially ignored key(s) in file exists at path liquibase.properties
 - 'changeLogFile'
 - 'password'
 - 'url'
 - 'username'
[2026-04-29 13:42:19] INFO [liquibase.command] Command execution complete
[2026-04-29 13:42:19] INFO [liquibase.command] Command execution complete
[2026-04-29 13:42:19] INFO [liquibase.ui] Logs saved to liquibase-run.log
[2026-04-29 13:42:19] INFO [liquibase.ui] Liquibase command 'history' was executed successfully.
[2026-04-29 13:44:39] WARNING [liquibase.resource] Cannot handle classloader url file:/usr/lib/jvm/java-8-openjdk-amd64/jre/lib/ext/libatk-wrapper.so: Not a directory: /usr/lib/jvm/java-8-openjdk-amd64/jre/lib/ext/libatk-wrapper.so. Operations that need to list files from this location may not work as expected
java.lang.IllegalArgumentException: Not a directory: /usr/lib/jvm/java-8-openjdk-amd64/jre/lib/ext/libatk-wrapper.so
	at liquibase.resource.DirectoryResourceAccessor.<init>(DirectoryResourceAccessor.java:37)
	at liquibase.resource.DirectoryResourceAccessor.<init>(DirectoryResourceAccessor.java:20)
	at liquibase.resource.DirectoryPathHandler.getResourceAccessor(DirectoryPathHandler.java:48)
	at liquibase.resource.PathHandlerFactory.getResourceAccessor(PathHandlerFactory.java:37)
	at liquibase.resource.ClassLoaderResourceAccessor.configureAdditionalResourceAccessors(ClassLoaderResourceAccessor.java:72)
	at liquibase.resource.ClassLoaderResourceAccessor.configureAdditionalResourceAccessors(ClassLoaderResourceAccessor.java:86)
	at liquibase.resource.ClassLoaderResourceAccessor.configureAdditionalResourceAccessors(ClassLoaderResourceAccessor.java:86)
	at liquibase.resource.ClassLoaderResourceAccessor.init(ClassLoaderResourceAccessor.java:55)
	at liquibase.resource.ClassLoaderResourceAccessor.describeLocations(ClassLoaderResourceAccessor.java:34)
	at liquibase.resource.CompositeResourceAccessor.describeLocations(CompositeResourceAccessor.java:82)
	at liquibase.resource.SearchPathResourceAccessor.<init>(SearchPathResourceAccessor.java:50)
	at liquibase.resource.SearchPathResourceAccessor.<init>(SearchPathResourceAccessor.java:21)
	at liquibase.integration.commandline.LiquibaseCommandLine.configureResourceAccessor(LiquibaseCommandLine.java:832)
	at liquibase.integration.commandline.LiquibaseCommandLine.lambda$configureScope$4(LiquibaseCommandLine.java:688)
	at liquibase.Scope.lambda$child$0(Scope.java:186)
	at liquibase.Scope.child(Scope.java:195)
	at liquibase.Scope.child(Scope.java:185)
	at liquibase.Scope.child(Scope.java:164)
	at liquibase.integration.commandline.LiquibaseCommandLine.configureScope(LiquibaseCommandLine.java:688)
	at liquibase.integration.commandline.LiquibaseCommandLine.lambda$execute$3(LiquibaseCommandLine.java:365)
	at liquibase.Scope.child(Scope.java:195)
	at liquibase.Scope.child(Scope.java:171)
	at liquibase.integration.commandline.LiquibaseCommandLine.execute(LiquibaseCommandLine.java:362)
	at liquibase.integration.commandline.LiquibaseCommandLine.main(LiquibaseCommandLine.java:102)
	at sun.reflect.NativeMethodAccessorImpl.invoke0(Native Method)
	at sun.reflect.NativeMethodAccessorImpl.invoke(NativeMethodAccessorImpl.java:62)
	at sun.reflect.DelegatingMethodAccessorImpl.invoke(DelegatingMethodAccessorImpl.java:43)
	at java.lang.reflect.Method.invoke(Method.java:498)
	at liquibase.integration.commandline.LiquibaseLauncher.main(LiquibaseLauncher.java:116)

[2026-04-29 13:44:39] INFO [liquibase.ui] ####################################################
##   _     _             _ _                      ##
##  | |   (_)           (_) |                     ##
##  | |    _  __ _ _   _ _| |__   __ _ ___  ___   ##
##  | |   | |/ _` | | | | | '_ \ / _` / __|/ _ \  ##
##  | |___| | (_| | |_| | | |_) | (_| \__ \  __/  ##
##  \_____/_|\__, |\__,_|_|_.__/ \__,_|___/\___|  ##
##              | |                               ##
##              |_|                               ##
##                                                ## 
##  Get documentation at docs.liquibase.com       ##
##  Get certified courses at learn.liquibase.com  ## 
##                                                ##
####################################################
Starting Liquibase at 13:44:39 (version 4.26.0 #1141 built at 2024-02-06 21:31+0000)
[2026-04-29 13:44:39] INFO [liquibase.ui] Liquibase Version: 4.26.0
[2026-04-29 13:44:39] INFO [liquibase.ui] Liquibase Open Source 4.26.0 by Liquibase
[2026-04-29 13:44:39] INFO [liquibase.integration] Starting command execution.
[2026-04-29 13:44:39] INFO [liquibase.command] Logging exception.
[2026-04-29 13:44:39] INFO [liquibase.ui] ERROR: Exception Details
[2026-04-29 13:44:39] INFO [liquibase.ui] ERROR: Exception Primary Class:  ChangeLogParseException
[2026-04-29 13:44:39] INFO [liquibase.ui] ERROR: Exception Primary Reason: The file ../scripts/001-create-employees.sql was not found in the configured search path:
    - /home/intern/liquibase-demo/practice/employee-db
    - /home/intern/.local/share/DBeaverData/drivers/maven/maven-central/com.mysql/mysql-connector-j-8.2.0.jar
    - /home/intern/liquibase-install/internal/lib/liquibase-core.jar
    - /home/intern/liquibase-install/lib/mysql-connector-j-8.2.0.jar
    - /home/intern/liquibase-install/lib
    - /home/intern/liquibase-install/internal/lib/hsqldb.jar
    - /home/intern/liquibase-install/internal/lib/jcc.jar
    - /home/intern/liquibase-install/internal/lib/liquibase-commercial.jar
    - /home/intern/liquibase-install/internal/lib/mssql-jdbc.jar
    - /home/intern/liquibase-install/internal/lib/jaxb-api.jar
    - /home/intern/liquibase-install/internal/lib/jaxb-runtime.jar
    - /home/intern/liquibase-install/internal/lib/opencsv.jar
    - /home/intern/liquibase-install/internal/lib/ojdbc8.jar
    - /home/intern/liquibase-install/internal/lib/snakeyaml.jar
    - /home/intern/liquibase-install/internal/lib/commons-lang3.jar
    - /home/intern/liquibase-install/internal/lib/mariadb-java-client.jar
    - /home/intern/liquibase-install/internal/lib/jaybird.jar
    - /home/intern/liquibase-install/internal/lib/snowflake-jdbc.jar
    - /home/intern/liquibase-install/internal/lib/commons-collections4.jar
    - /home/intern/liquibase-install/internal/lib/h2.jar
    - /home/intern/liquibase-install/internal/lib/jaxb-core.jar
    - /home/intern/liquibase-install/internal/lib/sqlite-jdbc.jar
    - /home/intern/liquibase-install/internal/lib/picocli.jar
    - /home/intern/liquibase-install/internal/lib/postgresql.jar
    - /home/intern/liquibase-install/internal/lib/commons-text.jar
    - /home/intern/liquibase-install/internal/lib
    - /usr/lib/jvm/java-8-openjdk-amd64/jre/lib/ext/sunpkcs11.jar
    - /usr/lib/jvm/java-8-openjdk-amd64/jre/lib/ext/icedtea-sound.jar
    - /usr/lib/jvm/java-8-openjdk-amd64/jre/lib/ext/sunec.jar
    - /usr/lib/jvm/java-8-openjdk-amd64/jre/lib/ext/java-atk-wrapper.jar
    - /usr/lib/jvm/java-8-openjdk-amd64/jre/lib/ext/dnsns.jar
    - /usr/lib/jvm/java-8-openjdk-amd64/jre/lib/ext/localedata.jar
    - /usr/lib/jvm/java-8-openjdk-amd64/jre/lib/ext/zipfs.jar
    - /usr/lib/jvm/java-8-openjdk-amd64/jre/lib/ext/nashorn.jar
    - /usr/lib/jvm/java-8-openjdk-amd64/jre/lib/ext/jaccess.jar
    - /usr/lib/jvm/java-8-openjdk-amd64/jre/lib/ext/sunjce_provider.jar
    - /usr/lib/jvm/java-8-openjdk-amd64/jre/lib/ext/cldrdata.jar
More locations can be added with the 'searchPath' parameter.
[2026-04-29 13:44:39] INFO [liquibase.ui] ERROR: Exception Primary Source: 4.26.0
[2026-04-29 13:44:39] INFO [liquibase.command] Command execution complete
[2026-04-29 13:44:39] SEVERE [liquibase.integration] The file ../scripts/001-create-employees.sql was not found in the configured search path:
    - /home/intern/liquibase-demo/practice/employee-db
    - /home/intern/.local/share/DBeaverData/drivers/maven/maven-central/com.mysql/mysql-connector-j-8.2.0.jar
    - /home/intern/liquibase-install/internal/lib/liquibase-core.jar
    - /home/intern/liquibase-install/lib/mysql-connector-j-8.2.0.jar
    - /home/intern/liquibase-install/lib
    - /home/intern/liquibase-install/internal/lib/hsqldb.jar
    - /home/intern/liquibase-install/internal/lib/jcc.jar
    - /home/intern/liquibase-install/internal/lib/liquibase-commercial.jar
    - /home/intern/liquibase-install/internal/lib/mssql-jdbc.jar
    - /home/intern/liquibase-install/internal/lib/jaxb-api.jar
    - /home/intern/liquibase-install/internal/lib/jaxb-runtime.jar
    - /home/intern/liquibase-install/internal/lib/opencsv.jar
    - /home/intern/liquibase-install/internal/lib/ojdbc8.jar
    - /home/intern/liquibase-install/internal/lib/snakeyaml.jar
    - /home/intern/liquibase-install/internal/lib/commons-lang3.jar
    - /home/intern/liquibase-install/internal/lib/mariadb-java-client.jar
    - /home/intern/liquibase-install/internal/lib/jaybird.jar
    - /home/intern/liquibase-install/internal/lib/snowflake-jdbc.jar
    - /home/intern/liquibase-install/internal/lib/commons-collections4.jar
    - /home/intern/liquibase-install/internal/lib/h2.jar
    - /home/intern/liquibase-install/internal/lib/jaxb-core.jar
    - /home/intern/liquibase-install/internal/lib/sqlite-jdbc.jar
    - /home/intern/liquibase-install/internal/lib/picocli.jar
    - /home/intern/liquibase-install/internal/lib/postgresql.jar
    - /home/intern/liquibase-install/internal/lib/commons-text.jar
    - /home/intern/liquibase-install/internal/lib
    - /usr/lib/jvm/java-8-openjdk-amd64/jre/lib/ext/sunpkcs11.jar
    - /usr/lib/jvm/java-8-openjdk-amd64/jre/lib/ext/icedtea-sound.jar
    - /usr/lib/jvm/java-8-openjdk-amd64/jre/lib/ext/sunec.jar
    - /usr/lib/jvm/java-8-openjdk-amd64/jre/lib/ext/java-atk-wrapper.jar
    - /usr/lib/jvm/java-8-openjdk-amd64/jre/lib/ext/dnsns.jar
    - /usr/lib/jvm/java-8-openjdk-amd64/jre/lib/ext/localedata.jar
    - /usr/lib/jvm/java-8-openjdk-amd64/jre/lib/ext/zipfs.jar
    - /usr/lib/jvm/java-8-openjdk-amd64/jre/lib/ext/nashorn.jar
    - /usr/lib/jvm/java-8-openjdk-amd64/jre/lib/ext/jaccess.jar
    - /usr/lib/jvm/java-8-openjdk-amd64/jre/lib/ext/sunjce_provider.jar
    - /usr/lib/jvm/java-8-openjdk-amd64/jre/lib/ext/cldrdata.jar
More locations can be added with the 'searchPath' parameter.
liquibase.exception.CommandExecutionException: liquibase.exception.ChangeLogParseException: liquibase.exception.SetupException: The file ../scripts/001-create-employees.sql was not found in the configured search path:
    - /home/intern/liquibase-demo/practice/employee-db
    - /home/intern/.local/share/DBeaverData/drivers/maven/maven-central/com.mysql/mysql-connector-j-8.2.0.jar
    - /home/intern/liquibase-install/internal/lib/liquibase-core.jar
    - /home/intern/liquibase-install/lib/mysql-connector-j-8.2.0.jar
    - /home/intern/liquibase-install/lib
    - /home/intern/liquibase-install/internal/lib/hsqldb.jar
    - /home/intern/liquibase-install/internal/lib/jcc.jar
    - /home/intern/liquibase-install/internal/lib/liquibase-commercial.jar
    - /home/intern/liquibase-install/internal/lib/mssql-jdbc.jar
    - /home/intern/liquibase-install/internal/lib/jaxb-api.jar
    - /home/intern/liquibase-install/internal/lib/jaxb-runtime.jar
    - /home/intern/liquibase-install/internal/lib/opencsv.jar
    - /home/intern/liquibase-install/internal/lib/ojdbc8.jar
    - /home/intern/liquibase-install/internal/lib/snakeyaml.jar
    - /home/intern/liquibase-install/internal/lib/commons-lang3.jar
    - /home/intern/liquibase-install/internal/lib/mariadb-java-client.jar
    - /home/intern/liquibase-install/internal/lib/jaybird.jar
    - /home/intern/liquibase-install/internal/lib/snowflake-jdbc.jar
    - /home/intern/liquibase-install/internal/lib/commons-collections4.jar
    - /home/intern/liquibase-install/internal/lib/h2.jar
    - /home/intern/liquibase-install/internal/lib/jaxb-core.jar
    - /home/intern/liquibase-install/internal/lib/sqlite-jdbc.jar
    - /home/intern/liquibase-install/internal/lib/picocli.jar
    - /home/intern/liquibase-install/internal/lib/postgresql.jar
    - /home/intern/liquibase-install/internal/lib/commons-text.jar
    - /home/intern/liquibase-install/internal/lib
    - /usr/lib/jvm/java-8-openjdk-amd64/jre/lib/ext/sunpkcs11.jar
    - /usr/lib/jvm/java-8-openjdk-amd64/jre/lib/ext/icedtea-sound.jar
    - /usr/lib/jvm/java-8-openjdk-amd64/jre/lib/ext/sunec.jar
    - /usr/lib/jvm/java-8-openjdk-amd64/jre/lib/ext/java-atk-wrapper.jar
    - /usr/lib/jvm/java-8-openjdk-amd64/jre/lib/ext/dnsns.jar
    - /usr/lib/jvm/java-8-openjdk-amd64/jre/lib/ext/localedata.jar
    - /usr/lib/jvm/java-8-openjdk-amd64/jre/lib/ext/zipfs.jar
    - /usr/lib/jvm/java-8-openjdk-amd64/jre/lib/ext/nashorn.jar
    - /usr/lib/jvm/java-8-openjdk-amd64/jre/lib/ext/jaccess.jar
    - /usr/lib/jvm/java-8-openjdk-amd64/jre/lib/ext/sunjce_provider.jar
    - /usr/lib/jvm/java-8-openjdk-amd64/jre/lib/ext/cldrdata.jar
More locations can be added with the 'searchPath' parameter.
	at liquibase.command.CommandScope.execute(CommandScope.java:253)
	at liquibase.integration.commandline.CommandRunner.call(CommandRunner.java:55)
	at liquibase.integration.commandline.CommandRunner.call(CommandRunner.java:24)
	at picocli.CommandLine.executeUserObject(CommandLine.java:2041)
	at picocli.CommandLine.access$1500(CommandLine.java:148)
	at picocli.CommandLine$RunLast.executeUserObjectOfLastSubcommandWithSameParent(CommandLine.java:2461)
	at picocli.CommandLine$RunLast.handle(CommandLine.java:2453)
	at picocli.CommandLine$RunLast.handle(CommandLine.java:2415)
	at picocli.CommandLine$AbstractParseResultHandler.execute(CommandLine.java:2273)
	at picocli.CommandLine$RunLast.execute(CommandLine.java:2417)
	at picocli.CommandLine.execute(CommandLine.java:2170)
	at liquibase.integration.commandline.LiquibaseCommandLine.lambda$execute$2(LiquibaseCommandLine.java:390)
	at liquibase.Scope.child(Scope.java:195)
	at liquibase.Scope.child(Scope.java:171)
	at liquibase.integration.commandline.LiquibaseCommandLine.lambda$execute$3(LiquibaseCommandLine.java:365)
	at liquibase.Scope.child(Scope.java:195)
	at liquibase.Scope.child(Scope.java:171)
	at liquibase.integration.commandline.LiquibaseCommandLine.execute(LiquibaseCommandLine.java:362)
	at liquibase.integration.commandline.LiquibaseCommandLine.main(LiquibaseCommandLine.java:102)
	at sun.reflect.NativeMethodAccessorImpl.invoke0(Native Method)
	at sun.reflect.NativeMethodAccessorImpl.invoke(NativeMethodAccessorImpl.java:62)
	at sun.reflect.DelegatingMethodAccessorImpl.invoke(DelegatingMethodAccessorImpl.java:43)
	at java.lang.reflect.Method.invoke(Method.java:498)
	at liquibase.integration.commandline.LiquibaseLauncher.main(LiquibaseLauncher.java:116)
Caused by: liquibase.exception.ChangeLogParseException: liquibase.exception.SetupException: The file ../scripts/001-create-employees.sql was not found in the configured search path:
    - /home/intern/liquibase-demo/practice/employee-db
    - /home/intern/.local/share/DBeaverData/drivers/maven/maven-central/com.mysql/mysql-connector-j-8.2.0.jar
    - /home/intern/liquibase-install/internal/lib/liquibase-core.jar
    - /home/intern/liquibase-install/lib/mysql-connector-j-8.2.0.jar
    - /home/intern/liquibase-install/lib
    - /home/intern/liquibase-install/internal/lib/hsqldb.jar
    - /home/intern/liquibase-install/internal/lib/jcc.jar
    - /home/intern/liquibase-install/internal/lib/liquibase-commercial.jar
    - /home/intern/liquibase-install/internal/lib/mssql-jdbc.jar
    - /home/intern/liquibase-install/internal/lib/jaxb-api.jar
    - /home/intern/liquibase-install/internal/lib/jaxb-runtime.jar
    - /home/intern/liquibase-install/internal/lib/opencsv.jar
    - /home/intern/liquibase-install/internal/lib/ojdbc8.jar
    - /home/intern/liquibase-install/internal/lib/snakeyaml.jar
    - /home/intern/liquibase-install/internal/lib/commons-lang3.jar
    - /home/intern/liquibase-install/internal/lib/mariadb-java-client.jar
    - /home/intern/liquibase-install/internal/lib/jaybird.jar
    - /home/intern/liquibase-install/internal/lib/snowflake-jdbc.jar
    - /home/intern/liquibase-install/internal/lib/commons-collections4.jar
    - /home/intern/liquibase-install/internal/lib/h2.jar
    - /home/intern/liquibase-install/internal/lib/jaxb-core.jar
    - /home/intern/liquibase-install/internal/lib/sqlite-jdbc.jar
    - /home/intern/liquibase-install/internal/lib/picocli.jar
    - /home/intern/liquibase-install/internal/lib/postgresql.jar
    - /home/intern/liquibase-install/internal/lib/commons-text.jar
    - /home/intern/liquibase-install/internal/lib
    - /usr/lib/jvm/java-8-openjdk-amd64/jre/lib/ext/sunpkcs11.jar
    - /usr/lib/jvm/java-8-openjdk-amd64/jre/lib/ext/icedtea-sound.jar
    - /usr/lib/jvm/java-8-openjdk-amd64/jre/lib/ext/sunec.jar
    - /usr/lib/jvm/java-8-openjdk-amd64/jre/lib/ext/java-atk-wrapper.jar
    - /usr/lib/jvm/java-8-openjdk-amd64/jre/lib/ext/dnsns.jar
    - /usr/lib/jvm/java-8-openjdk-amd64/jre/lib/ext/localedata.jar
    - /usr/lib/jvm/java-8-openjdk-amd64/jre/lib/ext/zipfs.jar
    - /usr/lib/jvm/java-8-openjdk-amd64/jre/lib/ext/nashorn.jar
    - /usr/lib/jvm/java-8-openjdk-amd64/jre/lib/ext/jaccess.jar
    - /usr/lib/jvm/java-8-openjdk-amd64/jre/lib/ext/sunjce_provider.jar
    - /usr/lib/jvm/java-8-openjdk-amd64/jre/lib/ext/cldrdata.jar
More locations can be added with the 'searchPath' parameter.
	at liquibase.parser.core.xml.AbstractChangeLogParser.parse(AbstractChangeLogParser.java:25)
	at liquibase.command.core.helpers.DatabaseChangelogCommandStep.lambda$getDatabaseChangeLog$0(DatabaseChangelogCommandStep.java:129)
	at liquibase.Scope.child(Scope.java:195)
	at liquibase.Scope.child(Scope.java:171)
	at liquibase.command.core.helpers.DatabaseChangelogCommandStep.getDatabaseChangeLog(DatabaseChangelogCommandStep.java:128)
	at liquibase.command.core.helpers.DatabaseChangelogCommandStep.run(DatabaseChangelogCommandStep.java:87)
	at liquibase.command.CommandScope.execute(CommandScope.java:217)
	... 23 more
Caused by: liquibase.exception.SetupException: The file ../scripts/001-create-employees.sql was not found in the configured search path:
    - /home/intern/liquibase-demo/practice/employee-db
    - /home/intern/.local/share/DBeaverData/drivers/maven/maven-central/com.mysql/mysql-connector-j-8.2.0.jar
    - /home/intern/liquibase-install/internal/lib/liquibase-core.jar
    - /home/intern/liquibase-install/lib/mysql-connector-j-8.2.0.jar
    - /home/intern/liquibase-install/lib
    - /home/intern/liquibase-install/internal/lib/hsqldb.jar
    - /home/intern/liquibase-install/internal/lib/jcc.jar
    - /home/intern/liquibase-install/internal/lib/liquibase-commercial.jar
    - /home/intern/liquibase-install/internal/lib/mssql-jdbc.jar
    - /home/intern/liquibase-install/internal/lib/jaxb-api.jar
    - /home/intern/liquibase-install/internal/lib/jaxb-runtime.jar
    - /home/intern/liquibase-install/internal/lib/opencsv.jar
    - /home/intern/liquibase-install/internal/lib/ojdbc8.jar
    - /home/intern/liquibase-install/internal/lib/snakeyaml.jar
    - /home/intern/liquibase-install/internal/lib/commons-lang3.jar
    - /home/intern/liquibase-install/internal/lib/mariadb-java-client.jar
    - /home/intern/liquibase-install/internal/lib/jaybird.jar
    - /home/intern/liquibase-install/internal/lib/snowflake-jdbc.jar
    - /home/intern/liquibase-install/internal/lib/commons-collections4.jar
    - /home/intern/liquibase-install/internal/lib/h2.jar
    - /home/intern/liquibase-install/internal/lib/jaxb-core.jar
    - /home/intern/liquibase-install/internal/lib/sqlite-jdbc.jar
    - /home/intern/liquibase-install/internal/lib/picocli.jar
    - /home/intern/liquibase-install/internal/lib/postgresql.jar
    - /home/intern/liquibase-install/internal/lib/commons-text.jar
    - /home/intern/liquibase-install/internal/lib
    - /usr/lib/jvm/java-8-openjdk-amd64/jre/lib/ext/sunpkcs11.jar
    - /usr/lib/jvm/java-8-openjdk-amd64/jre/lib/ext/icedtea-sound.jar
    - /usr/lib/jvm/java-8-openjdk-amd64/jre/lib/ext/sunec.jar
    - /usr/lib/jvm/java-8-openjdk-amd64/jre/lib/ext/java-atk-wrapper.jar
    - /usr/lib/jvm/java-8-openjdk-amd64/jre/lib/ext/dnsns.jar
    - /usr/lib/jvm/java-8-openjdk-amd64/jre/lib/ext/localedata.jar
    - /usr/lib/jvm/java-8-openjdk-amd64/jre/lib/ext/zipfs.jar
    - /usr/lib/jvm/java-8-openjdk-amd64/jre/lib/ext/nashorn.jar
    - /usr/lib/jvm/java-8-openjdk-amd64/jre/lib/ext/jaccess.jar
    - /usr/lib/jvm/java-8-openjdk-amd64/jre/lib/ext/sunjce_provider.jar
    - /usr/lib/jvm/java-8-openjdk-amd64/jre/lib/ext/cldrdata.jar
More locations can be added with the 'searchPath' parameter.
	at liquibase.changelog.DatabaseChangeLog.handleChildNode(DatabaseChangeLog.java:465)
	at liquibase.changelog.DatabaseChangeLog.load(DatabaseChangeLog.java:390)
	at liquibase.parser.core.xml.AbstractChangeLogParser.parse(AbstractChangeLogParser.java:23)
	... 29 more
Caused by: liquibase.exception.ChangeLogParseException: The file ../scripts/001-create-employees.sql was not found in the configured search path:
    - /home/intern/liquibase-demo/practice/employee-db
    - /home/intern/.local/share/DBeaverData/drivers/maven/maven-central/com.mysql/mysql-connector-j-8.2.0.jar
    - /home/intern/liquibase-install/internal/lib/liquibase-core.jar
    - /home/intern/liquibase-install/lib/mysql-connector-j-8.2.0.jar
    - /home/intern/liquibase-install/lib
    - /home/intern/liquibase-install/internal/lib/hsqldb.jar
    - /home/intern/liquibase-install/internal/lib/jcc.jar
    - /home/intern/liquibase-install/internal/lib/liquibase-commercial.jar
    - /home/intern/liquibase-install/internal/lib/mssql-jdbc.jar
    - /home/intern/liquibase-install/internal/lib/jaxb-api.jar
    - /home/intern/liquibase-install/internal/lib/jaxb-runtime.jar
    - /home/intern/liquibase-install/internal/lib/opencsv.jar
    - /home/intern/liquibase-install/internal/lib/ojdbc8.jar
    - /home/intern/liquibase-install/internal/lib/snakeyaml.jar
    - /home/intern/liquibase-install/internal/lib/commons-lang3.jar
    - /home/intern/liquibase-install/internal/lib/mariadb-java-client.jar
    - /home/intern/liquibase-install/internal/lib/jaybird.jar
    - /home/intern/liquibase-install/internal/lib/snowflake-jdbc.jar
    - /home/intern/liquibase-install/internal/lib/commons-collections4.jar
    - /home/intern/liquibase-install/internal/lib/h2.jar
    - /home/intern/liquibase-install/internal/lib/jaxb-core.jar
    - /home/intern/liquibase-install/internal/lib/sqlite-jdbc.jar
    - /home/intern/liquibase-install/internal/lib/picocli.jar
    - /home/intern/liquibase-install/internal/lib/postgresql.jar
    - /home/intern/liquibase-install/internal/lib/commons-text.jar
    - /home/intern/liquibase-install/internal/lib
    - /usr/lib/jvm/java-8-openjdk-amd64/jre/lib/ext/sunpkcs11.jar
    - /usr/lib/jvm/java-8-openjdk-amd64/jre/lib/ext/icedtea-sound.jar
    - /usr/lib/jvm/java-8-openjdk-amd64/jre/lib/ext/sunec.jar
    - /usr/lib/jvm/java-8-openjdk-amd64/jre/lib/ext/java-atk-wrapper.jar
    - /usr/lib/jvm/java-8-openjdk-amd64/jre/lib/ext/dnsns.jar
    - /usr/lib/jvm/java-8-openjdk-amd64/jre/lib/ext/localedata.jar
    - /usr/lib/jvm/java-8-openjdk-amd64/jre/lib/ext/zipfs.jar
    - /usr/lib/jvm/java-8-openjdk-amd64/jre/lib/ext/nashorn.jar
    - /usr/lib/jvm/java-8-openjdk-amd64/jre/lib/ext/jaccess.jar
    - /usr/lib/jvm/java-8-openjdk-amd64/jre/lib/ext/sunjce_provider.jar
    - /usr/lib/jvm/java-8-openjdk-amd64/jre/lib/ext/cldrdata.jar
More locations can be added with the 'searchPath' parameter.
	at liquibase.changelog.DatabaseChangeLog.include(DatabaseChangeLog.java:947)
	at liquibase.changelog.DatabaseChangeLog.handleChildNode(DatabaseChangeLog.java:455)
	... 31 more

[2026-04-29 13:44:39] INFO [liquibase.ui] Logs saved to liquibase-run.log
[2026-04-29 13:47:05] WARNING [liquibase.resource] Cannot handle classloader url file:/usr/lib/jvm/java-8-openjdk-amd64/jre/lib/ext/libatk-wrapper.so: Not a directory: /usr/lib/jvm/java-8-openjdk-amd64/jre/lib/ext/libatk-wrapper.so. Operations that need to list files from this location may not work as expected
java.lang.IllegalArgumentException: Not a directory: /usr/lib/jvm/java-8-openjdk-amd64/jre/lib/ext/libatk-wrapper.so
	at liquibase.resource.DirectoryResourceAccessor.<init>(DirectoryResourceAccessor.java:37)
	at liquibase.resource.DirectoryResourceAccessor.<init>(DirectoryResourceAccessor.java:20)
	at liquibase.resource.DirectoryPathHandler.getResourceAccessor(DirectoryPathHandler.java:48)
	at liquibase.resource.PathHandlerFactory.getResourceAccessor(PathHandlerFactory.java:37)
	at liquibase.resource.ClassLoaderResourceAccessor.configureAdditionalResourceAccessors(ClassLoaderResourceAccessor.java:72)
	at liquibase.resource.ClassLoaderResourceAccessor.configureAdditionalResourceAccessors(ClassLoaderResourceAccessor.java:86)
	at liquibase.resource.ClassLoaderResourceAccessor.configureAdditionalResourceAccessors(ClassLoaderResourceAccessor.java:86)
	at liquibase.resource.ClassLoaderResourceAccessor.init(ClassLoaderResourceAccessor.java:55)
	at liquibase.resource.ClassLoaderResourceAccessor.describeLocations(ClassLoaderResourceAccessor.java:34)
	at liquibase.resource.CompositeResourceAccessor.describeLocations(CompositeResourceAccessor.java:82)
	at liquibase.resource.SearchPathResourceAccessor.<init>(SearchPathResourceAccessor.java:50)
	at liquibase.resource.SearchPathResourceAccessor.<init>(SearchPathResourceAccessor.java:21)
	at liquibase.integration.commandline.LiquibaseCommandLine.configureResourceAccessor(LiquibaseCommandLine.java:832)
	at liquibase.integration.commandline.LiquibaseCommandLine.lambda$configureScope$4(LiquibaseCommandLine.java:688)
	at liquibase.Scope.lambda$child$0(Scope.java:186)
	at liquibase.Scope.child(Scope.java:195)
	at liquibase.Scope.child(Scope.java:185)
	at liquibase.Scope.child(Scope.java:164)
	at liquibase.integration.commandline.LiquibaseCommandLine.configureScope(LiquibaseCommandLine.java:688)
	at liquibase.integration.commandline.LiquibaseCommandLine.lambda$execute$3(LiquibaseCommandLine.java:365)
	at liquibase.Scope.child(Scope.java:195)
	at liquibase.Scope.child(Scope.java:171)
	at liquibase.integration.commandline.LiquibaseCommandLine.execute(LiquibaseCommandLine.java:362)
	at liquibase.integration.commandline.LiquibaseCommandLine.main(LiquibaseCommandLine.java:102)
	at sun.reflect.NativeMethodAccessorImpl.invoke0(Native Method)
	at sun.reflect.NativeMethodAccessorImpl.invoke(NativeMethodAccessorImpl.java:62)
	at sun.reflect.DelegatingMethodAccessorImpl.invoke(DelegatingMethodAccessorImpl.java:43)
	at java.lang.reflect.Method.invoke(Method.java:498)
	at liquibase.integration.commandline.LiquibaseLauncher.main(LiquibaseLauncher.java:116)

[2026-04-29 13:47:05] INFO [liquibase.ui] ####################################################
##   _     _             _ _                      ##
##  | |   (_)           (_) |                     ##
##  | |    _  __ _ _   _ _| |__   __ _ ___  ___   ##
##  | |   | |/ _` | | | | | '_ \ / _` / __|/ _ \  ##
##  | |___| | (_| | |_| | | |_) | (_| \__ \  __/  ##
##  \_____/_|\__, |\__,_|_|_.__/ \__,_|___/\___|  ##
##              | |                               ##
##              |_|                               ##
##                                                ## 
##  Get documentation at docs.liquibase.com       ##
##  Get certified courses at learn.liquibase.com  ## 
##                                                ##
####################################################
Starting Liquibase at 13:47:05 (version 4.26.0 #1141 built at 2024-02-06 21:31+0000)
[2026-04-29 13:47:05] INFO [liquibase.ui] Liquibase Version: 4.26.0
[2026-04-29 13:47:05] INFO [liquibase.ui] Liquibase Open Source 4.26.0 by Liquibase
[2026-04-29 13:47:05] INFO [liquibase.integration] Starting command execution.
[2026-04-29 13:47:06] INFO [liquibase.changelog] Creating database history table with name: employee_db.DATABASECHANGELOG
[2026-04-29 13:47:06] INFO [liquibase.changelog] Reading from employee_db.DATABASECHANGELOG
[2026-04-29 13:47:06] INFO [liquibase.lockservice] Successfully acquired change log lock
[2026-04-29 13:47:06] INFO [liquibase.command] Using deploymentId: 7449726686
[2026-04-29 13:47:06] INFO [liquibase.changelog] Reading from employee_db.DATABASECHANGELOG
[2026-04-29 13:47:06] INFO [liquibase.ui] Running Changeset: scripts/001-create-employees.sql::1::apana
[2026-04-29 13:47:06] INFO [liquibase.changelog] Custom SQL executed
[2026-04-29 13:47:06] INFO [liquibase.changelog] ChangeSet scripts/001-create-employees.sql::1::apana ran successfully in 41ms
[2026-04-29 13:47:06] INFO [liquibase.util] UPDATE SUMMARY
[2026-04-29 13:47:06] INFO [liquibase.util] Run:                          1
[2026-04-29 13:47:06] INFO [liquibase.util] Previously run:               0
[2026-04-29 13:47:06] INFO [liquibase.util] Filtered out:                 0
[2026-04-29 13:47:06] INFO [liquibase.util] -------------------------------
[2026-04-29 13:47:06] INFO [liquibase.util] Total change sets:            1
[2026-04-29 13:47:06] INFO [liquibase.util] Update summary generated
[2026-04-29 13:47:06] INFO [liquibase.command] Update command completed successfully.
[2026-04-29 13:47:06] INFO [liquibase.ui] Liquibase: Update has been successful. Rows affected: 1
[2026-04-29 13:47:06] INFO [liquibase.lockservice] Successfully released change log lock
[2026-04-29 13:47:06] INFO [liquibase.command] Command execution complete
[2026-04-29 13:47:06] INFO [liquibase.ui] Logs saved to liquibase-run.log
[2026-04-29 13:47:06] INFO [liquibase.ui] Liquibase command 'update' was executed successfully.
[2026-04-29 14:02:01] WARNING [liquibase.resource] Cannot handle classloader url file:/usr/lib/jvm/java-8-openjdk-amd64/jre/lib/ext/libatk-wrapper.so: Not a directory: /usr/lib/jvm/java-8-openjdk-amd64/jre/lib/ext/libatk-wrapper.so. Operations that need to list files from this location may not work as expected
java.lang.IllegalArgumentException: Not a directory: /usr/lib/jvm/java-8-openjdk-amd64/jre/lib/ext/libatk-wrapper.so
	at liquibase.resource.DirectoryResourceAccessor.<init>(DirectoryResourceAccessor.java:37)
	at liquibase.resource.DirectoryResourceAccessor.<init>(DirectoryResourceAccessor.java:20)
	at liquibase.resource.DirectoryPathHandler.getResourceAccessor(DirectoryPathHandler.java:48)
	at liquibase.resource.PathHandlerFactory.getResourceAccessor(PathHandlerFactory.java:37)
	at liquibase.resource.ClassLoaderResourceAccessor.configureAdditionalResourceAccessors(ClassLoaderResourceAccessor.java:72)
	at liquibase.resource.ClassLoaderResourceAccessor.configureAdditionalResourceAccessors(ClassLoaderResourceAccessor.java:86)
	at liquibase.resource.ClassLoaderResourceAccessor.configureAdditionalResourceAccessors(ClassLoaderResourceAccessor.java:86)
	at liquibase.resource.ClassLoaderResourceAccessor.init(ClassLoaderResourceAccessor.java:55)
	at liquibase.resource.ClassLoaderResourceAccessor.describeLocations(ClassLoaderResourceAccessor.java:34)
	at liquibase.resource.CompositeResourceAccessor.describeLocations(CompositeResourceAccessor.java:82)
	at liquibase.resource.SearchPathResourceAccessor.<init>(SearchPathResourceAccessor.java:50)
	at liquibase.resource.SearchPathResourceAccessor.<init>(SearchPathResourceAccessor.java:21)
	at liquibase.integration.commandline.LiquibaseCommandLine.configureResourceAccessor(LiquibaseCommandLine.java:832)
	at liquibase.integration.commandline.LiquibaseCommandLine.lambda$configureScope$4(LiquibaseCommandLine.java:688)
	at liquibase.Scope.lambda$child$0(Scope.java:186)
	at liquibase.Scope.child(Scope.java:195)
	at liquibase.Scope.child(Scope.java:185)
	at liquibase.Scope.child(Scope.java:164)
	at liquibase.integration.commandline.LiquibaseCommandLine.configureScope(LiquibaseCommandLine.java:688)
	at liquibase.integration.commandline.LiquibaseCommandLine.lambda$execute$3(LiquibaseCommandLine.java:365)
	at liquibase.Scope.child(Scope.java:195)
	at liquibase.Scope.child(Scope.java:171)
	at liquibase.integration.commandline.LiquibaseCommandLine.execute(LiquibaseCommandLine.java:362)
	at liquibase.integration.commandline.LiquibaseCommandLine.main(LiquibaseCommandLine.java:102)
	at sun.reflect.NativeMethodAccessorImpl.invoke0(Native Method)
	at sun.reflect.NativeMethodAccessorImpl.invoke(NativeMethodAccessorImpl.java:62)
	at sun.reflect.DelegatingMethodAccessorImpl.invoke(DelegatingMethodAccessorImpl.java:43)
	at java.lang.reflect.Method.invoke(Method.java:498)
	at liquibase.integration.commandline.LiquibaseLauncher.main(LiquibaseLauncher.java:116)

[2026-04-29 14:02:01] INFO [liquibase.ui] ####################################################
##   _     _             _ _                      ##
##  | |   (_)           (_) |                     ##
##  | |    _  __ _ _   _ _| |__   __ _ ___  ___   ##
##  | |   | |/ _` | | | | | '_ \ / _` / __|/ _ \  ##
##  | |___| | (_| | |_| | | |_) | (_| \__ \  __/  ##
##  \_____/_|\__, |\__,_|_|_.__/ \__,_|___/\___|  ##
##              | |                               ##
##              |_|                               ##
##                                                ## 
##  Get documentation at docs.liquibase.com       ##
##  Get certified courses at learn.liquibase.com  ## 
##                                                ##
####################################################
Starting Liquibase at 14:02:01 (version 4.26.0 #1141 built at 2024-02-06 21:31+0000)
[2026-04-29 14:02:01] INFO [liquibase.ui] Liquibase Version: 4.26.0
[2026-04-29 14:02:01] INFO [liquibase.ui] Liquibase Open Source 4.26.0 by Liquibase
[2026-04-29 14:02:01] INFO [liquibase.integration] Starting command execution.
[2026-04-29 14:02:02] INFO [liquibase.changelog] Reading from employee_db.DATABASECHANGELOG
[2026-04-29 14:02:02] INFO [liquibase.ui] Database is up to date, no changesets to execute
[2026-04-29 14:02:02] INFO [liquibase.changelog] Reading from employee_db.DATABASECHANGELOG
[2026-04-29 14:02:02] INFO [liquibase.util] UPDATE SUMMARY
[2026-04-29 14:02:02] INFO [liquibase.util] Run:                          0
[2026-04-29 14:02:02] INFO [liquibase.util] Previously run:               1
[2026-04-29 14:02:02] INFO [liquibase.util] Filtered out:                 0
[2026-04-29 14:02:02] INFO [liquibase.util] -------------------------------
[2026-04-29 14:02:02] INFO [liquibase.util] Total change sets:            1
[2026-04-29 14:02:02] INFO [liquibase.util] Update summary generated
[2026-04-29 14:02:02] INFO [liquibase.lockservice] Successfully released change log lock
[2026-04-29 14:02:02] INFO [liquibase.command] Command execution complete
[2026-04-29 14:02:02] INFO [liquibase.ui] Logs saved to liquibase-run.log
[2026-04-29 14:02:02] INFO [liquibase.ui] Liquibase command 'update' was executed successfully.
